  ____________       _____________
 ____    |__( )_________  __/__  /________      __
____  /| |_  /__  ___/_  /_ __  /_  __ \_ | /| / /
___  ___ |  / _  /   _  __/ _  / / /_/ /_ |/ |/ /
 _/_/  |_/_/  /_/    /_/    /_/  \____/____/|__/
[[34m2024-06-16T03:44:03.102-0300[0m] {[34mtask_context_logger.py:[0m63} INFO[0m - Task context logging is enabled[0m
[[34m2024-06-16T03:44:03.103-0300[0m] {[34mexecutor_loader.py:[0m115} INFO[0m - Loaded executor: SequentialExecutor[0m
[[34m2024-06-16T03:44:03.139-0300[0m] {[34mscheduler_job_runner.py:[0m808} INFO[0m - Starting the scheduler[0m
[[34m2024-06-16T03:44:03.140-0300[0m] {[34mscheduler_job_runner.py:[0m815} INFO[0m - Processing each file at most -1 times[0m
[[34m2024-06-16T03:44:03.146-0300[0m] {[34mmanager.py:[0m169} INFO[0m - Launched DagFileProcessorManager with pid: 577188[0m
[[34m2024-06-16T03:44:03.148-0300[0m] {[34mscheduler_job_runner.py:[0m1619} INFO[0m - Adopting or resetting orphaned tasks for active dag runs[0m
[[34m2024-06-16T03:44:03.153-0300[0m] {[34msettings.py:[0m60} INFO[0m - Configured default timezone UTC[0m
[2024-06-16T03:44:03.181-0300] {manager.py:392} WARNING - Because we cannot use more than 1 thread (parsing_processes = 2) when using sqlite. So we set parallelism to 1.
[[34m2024-06-16T03:44:07.508-0300[0m] {[34mscheduler_job_runner.py:[0m1341} INFO[0m - DAG meltano_load-postgres-csv_postgres-to-csv is at (or above) max_active_runs (1 of 1), not creating any more runs[0m
[[34m2024-06-16T03:44:07.514-0300[0m] {[34mscheduler_job_runner.py:[0m1341} INFO[0m - DAG meltano_load-details-csv_details-to-csv is at (or above) max_active_runs (1 of 1), not creating any more runs[0m
[[34m2024-06-16T03:44:07.519-0300[0m] {[34mscheduler_job_runner.py:[0m1341} INFO[0m - DAG meltano_load-disk-postgres_disk-to-postgres is at (or above) max_active_runs (1 of 1), not creating any more runs[0m
[[34m2024-06-16T03:44:07.676-0300[0m] {[34mscheduler_job_runner.py:[0m424} INFO[0m - 3 tasks up for execution:
	<TaskInstance: meltano_load-postgres-csv_postgres-to-csv.meltano_load-postgres-csv_postgres-to-csv_task0 scheduled__2024-06-15T00:00:00+00:00 [scheduled]>
	<TaskInstance: meltano_load-details-csv_details-to-csv.meltano_load-details-csv_details-to-csv_task0 scheduled__2024-06-15T00:00:00+00:00 [scheduled]>
	<TaskInstance: meltano_load-disk-postgres_disk-to-postgres.meltano_load-disk-postgres_disk-to-postgres_task0 scheduled__2024-06-15T00:05:00+00:00 [scheduled]>[0m
[[34m2024-06-16T03:44:07.676-0300[0m] {[34mscheduler_job_runner.py:[0m487} INFO[0m - DAG meltano_load-postgres-csv_postgres-to-csv has 0/16 running and queued tasks[0m
[[34m2024-06-16T03:44:07.677-0300[0m] {[34mscheduler_job_runner.py:[0m487} INFO[0m - DAG meltano_load-details-csv_details-to-csv has 0/16 running and queued tasks[0m
[[34m2024-06-16T03:44:07.677-0300[0m] {[34mscheduler_job_runner.py:[0m487} INFO[0m - DAG meltano_load-disk-postgres_disk-to-postgres has 0/16 running and queued tasks[0m
[[34m2024-06-16T03:44:07.678-0300[0m] {[34mscheduler_job_runner.py:[0m603} INFO[0m - Setting the following tasks to queued state:
	<TaskInstance: meltano_load-postgres-csv_postgres-to-csv.meltano_load-postgres-csv_postgres-to-csv_task0 scheduled__2024-06-15T00:00:00+00:00 [scheduled]>
	<TaskInstance: meltano_load-details-csv_details-to-csv.meltano_load-details-csv_details-to-csv_task0 scheduled__2024-06-15T00:00:00+00:00 [scheduled]>
	<TaskInstance: meltano_load-disk-postgres_disk-to-postgres.meltano_load-disk-postgres_disk-to-postgres_task0 scheduled__2024-06-15T00:05:00+00:00 [scheduled]>[0m
[[34m2024-06-16T03:44:07.683-0300[0m] {[34mtaskinstance.py:[0m2260} WARNING[0m - cannot record scheduled_duration for task meltano_load-postgres-csv_postgres-to-csv_task0 because previous state change time has not been saved[0m
[[34m2024-06-16T03:44:07.683-0300[0m] {[34mtaskinstance.py:[0m2260} WARNING[0m - cannot record scheduled_duration for task meltano_load-details-csv_details-to-csv_task0 because previous state change time has not been saved[0m
[[34m2024-06-16T03:44:07.683-0300[0m] {[34mtaskinstance.py:[0m2260} WARNING[0m - cannot record scheduled_duration for task meltano_load-disk-postgres_disk-to-postgres_task0 because previous state change time has not been saved[0m
[[34m2024-06-16T03:44:07.684-0300[0m] {[34mscheduler_job_runner.py:[0m646} INFO[0m - Sending TaskInstanceKey(dag_id='meltano_load-postgres-csv_postgres-to-csv', task_id='meltano_load-postgres-csv_postgres-to-csv_task0', run_id='scheduled__2024-06-15T00:00:00+00:00', try_number=1, map_index=-1) to executor with priority 1 and queue default[0m
[[34m2024-06-16T03:44:07.685-0300[0m] {[34mbase_executor.py:[0m146} INFO[0m - Adding to queue: ['airflow', 'tasks', 'run', 'meltano_load-postgres-csv_postgres-to-csv', 'meltano_load-postgres-csv_postgres-to-csv_task0', 'scheduled__2024-06-15T00:00:00+00:00', '--local', '--subdir', 'DAGS_FOLDER/meltano_dag_generator.py'][0m
[[34m2024-06-16T03:44:07.688-0300[0m] {[34mscheduler_job_runner.py:[0m646} INFO[0m - Sending TaskInstanceKey(dag_id='meltano_load-details-csv_details-to-csv', task_id='meltano_load-details-csv_details-to-csv_task0', run_id='scheduled__2024-06-15T00:00:00+00:00', try_number=1, map_index=-1) to executor with priority 1 and queue default[0m
[[34m2024-06-16T03:44:07.689-0300[0m] {[34mbase_executor.py:[0m146} INFO[0m - Adding to queue: ['airflow', 'tasks', 'run', 'meltano_load-details-csv_details-to-csv', 'meltano_load-details-csv_details-to-csv_task0', 'scheduled__2024-06-15T00:00:00+00:00', '--local', '--subdir', 'DAGS_FOLDER/meltano_dag_generator.py'][0m
[[34m2024-06-16T03:44:07.689-0300[0m] {[34mscheduler_job_runner.py:[0m646} INFO[0m - Sending TaskInstanceKey(dag_id='meltano_load-disk-postgres_disk-to-postgres', task_id='meltano_load-disk-postgres_disk-to-postgres_task0', run_id='scheduled__2024-06-15T00:05:00+00:00', try_number=1, map_index=-1) to executor with priority 1 and queue default[0m
[[34m2024-06-16T03:44:07.690-0300[0m] {[34mbase_executor.py:[0m146} INFO[0m - Adding to queue: ['airflow', 'tasks', 'run', 'meltano_load-disk-postgres_disk-to-postgres', 'meltano_load-disk-postgres_disk-to-postgres_task0', 'scheduled__2024-06-15T00:05:00+00:00', '--local', '--subdir', 'DAGS_FOLDER/meltano_dag_generator.py'][0m
[[34m2024-06-16T03:44:07.698-0300[0m] {[34msequential_executor.py:[0m73} INFO[0m - Executing command: ['airflow', 'tasks', 'run', 'meltano_load-postgres-csv_postgres-to-csv', 'meltano_load-postgres-csv_postgres-to-csv_task0', 'scheduled__2024-06-15T00:00:00+00:00', '--local', '--subdir', 'DAGS_FOLDER/meltano_dag_generator.py'][0m
[[34m2024-06-16T03:44:09.708-0300[0m] {[34mdagbag.py:[0m538} INFO[0m - Filling up the DagBag from /home/pedro/projetos/indicium/other-tests/challenge/teste-final2/orchestrate/airflow/dags/meltano_dag_generator.py[0m
[[34m2024-06-16T03:44:11.721-0300[0m] {[34mmeltano_dag_generator.py:[0m187} INFO[0m - Received meltano v2 style schedule export: {'schedules': {'job': [{'name': 'load-details-csv', 'interval': '0 0 * * *', 'cron_interval': '0 0 * * *', 'env': {}, 'job': {'name': 'details-to-csv', 'tasks': ['tap-csv-details target-csv-details organiza_csv:run_details']}}, {'name': 'load-postgres-csv', 'interval': '0 0 * * *', 'cron_interval': '0 0 * * *', 'env': {}, 'job': {'name': 'postgres-to-csv', 'tasks': ['tap-postgres handle-real-dt target-csv-tables organiza_csv:run_tables']}}, {'name': 'load-disk-postgres', 'interval': '5 0 * * *', 'cron_interval': '5 0 * * *', 'env': {}, 'job': {'name': 'disk-to-postgres', 'tasks': ['tap-csv-all target-postgres']}}], 'elt': []}}[0m
[[34m2024-06-16T03:44:11.725-0300[0m] {[34mmeltano_dag_generator.py:[0m147} INFO[0m - Considering task 'tap-csv-details target-csv-details organiza_csv:run_details' of schedule 'load-details-csv': {'name': 'load-details-csv', 'interval': '0 0 * * *', 'cron_interval': '0 0 * * *', 'env': {}, 'job': {'name': 'details-to-csv', 'tasks': ['tap-csv-details target-csv-details organiza_csv:run_details']}}[0m
[[34m2024-06-16T03:44:11.728-0300[0m] {[34mmeltano_dag_generator.py:[0m169} INFO[0m - Spun off task '<Task(BashOperator): meltano_load-details-csv_details-to-csv_task0>' of schedule 'load-details-csv': {'name': 'load-details-csv', 'interval': '0 0 * * *', 'cron_interval': '0 0 * * *', 'env': {}, 'job': {'name': 'details-to-csv', 'tasks': ['tap-csv-details target-csv-details organiza_csv:run_details']}}[0m
[[34m2024-06-16T03:44:11.728-0300[0m] {[34mmeltano_dag_generator.py:[0m172} INFO[0m - DAG created for schedule 'load-details-csv', task='tap-csv-details target-csv-details organiza_csv:run_details'[0m
[[34m2024-06-16T03:44:11.729-0300[0m] {[34mmeltano_dag_generator.py:[0m147} INFO[0m - Considering task 'tap-postgres handle-real-dt target-csv-tables organiza_csv:run_tables' of schedule 'load-postgres-csv': {'name': 'load-postgres-csv', 'interval': '0 0 * * *', 'cron_interval': '0 0 * * *', 'env': {}, 'job': {'name': 'postgres-to-csv', 'tasks': ['tap-postgres handle-real-dt target-csv-tables organiza_csv:run_tables']}}[0m
[[34m2024-06-16T03:44:11.729-0300[0m] {[34mmeltano_dag_generator.py:[0m169} INFO[0m - Spun off task '<Task(BashOperator): meltano_load-postgres-csv_postgres-to-csv_task0>' of schedule 'load-postgres-csv': {'name': 'load-postgres-csv', 'interval': '0 0 * * *', 'cron_interval': '0 0 * * *', 'env': {}, 'job': {'name': 'postgres-to-csv', 'tasks': ['tap-postgres handle-real-dt target-csv-tables organiza_csv:run_tables']}}[0m
[[34m2024-06-16T03:44:11.730-0300[0m] {[34mmeltano_dag_generator.py:[0m172} INFO[0m - DAG created for schedule 'load-postgres-csv', task='tap-postgres handle-real-dt target-csv-tables organiza_csv:run_tables'[0m
[[34m2024-06-16T03:44:11.730-0300[0m] {[34mmeltano_dag_generator.py:[0m147} INFO[0m - Considering task 'tap-csv-all target-postgres' of schedule 'load-disk-postgres': {'name': 'load-disk-postgres', 'interval': '5 0 * * *', 'cron_interval': '5 0 * * *', 'env': {}, 'job': {'name': 'disk-to-postgres', 'tasks': ['tap-csv-all target-postgres']}}[0m
[[34m2024-06-16T03:44:11.731-0300[0m] {[34mmeltano_dag_generator.py:[0m169} INFO[0m - Spun off task '<Task(BashOperator): meltano_load-disk-postgres_disk-to-postgres_task0>' of schedule 'load-disk-postgres': {'name': 'load-disk-postgres', 'interval': '5 0 * * *', 'cron_interval': '5 0 * * *', 'env': {}, 'job': {'name': 'disk-to-postgres', 'tasks': ['tap-csv-all target-postgres']}}[0m
[[34m2024-06-16T03:44:11.731-0300[0m] {[34mmeltano_dag_generator.py:[0m172} INFO[0m - DAG created for schedule 'load-disk-postgres', task='tap-csv-all target-postgres'[0m
Changing /home/pedro/projetos/indicium/other-tests/challenge/teste-final2/.meltano/utilities/airflow/logs/dag_id=meltano_load-postgres-csv_postgres-to-csv/run_id=scheduled__2024-06-15T00:00:00+00:00/task_id=meltano_load-postgres-csv_postgres-to-csv_task0 permission to 509
[[34m2024-06-16T03:44:11.920-0300[0m] {[34mtask_command.py:[0m423} INFO[0m - Running <TaskInstance: meltano_load-postgres-csv_postgres-to-csv.meltano_load-postgres-csv_postgres-to-csv_task0 scheduled__2024-06-15T00:00:00+00:00 [queued]> on host thinking.[0m
[[34m2024-06-16T03:44:20.736-0300[0m] {[34msequential_executor.py:[0m73} INFO[0m - Executing command: ['airflow', 'tasks', 'run', 'meltano_load-details-csv_details-to-csv', 'meltano_load-details-csv_details-to-csv_task0', 'scheduled__2024-06-15T00:00:00+00:00', '--local', '--subdir', 'DAGS_FOLDER/meltano_dag_generator.py'][0m
[[34m2024-06-16T03:44:22.102-0300[0m] {[34mdagbag.py:[0m538} INFO[0m - Filling up the DagBag from /home/pedro/projetos/indicium/other-tests/challenge/teste-final2/orchestrate/airflow/dags/meltano_dag_generator.py[0m
[[34m2024-06-16T03:44:24.226-0300[0m] {[34mmeltano_dag_generator.py:[0m187} INFO[0m - Received meltano v2 style schedule export: {'schedules': {'job': [{'name': 'load-details-csv', 'interval': '0 0 * * *', 'cron_interval': '0 0 * * *', 'env': {}, 'job': {'name': 'details-to-csv', 'tasks': ['tap-csv-details target-csv-details organiza_csv:run_details']}}, {'name': 'load-postgres-csv', 'interval': '0 0 * * *', 'cron_interval': '0 0 * * *', 'env': {}, 'job': {'name': 'postgres-to-csv', 'tasks': ['tap-postgres handle-real-dt target-csv-tables organiza_csv:run_tables']}}, {'name': 'load-disk-postgres', 'interval': '5 0 * * *', 'cron_interval': '5 0 * * *', 'env': {}, 'job': {'name': 'disk-to-postgres', 'tasks': ['tap-csv-all target-postgres']}}], 'elt': []}}[0m
[[34m2024-06-16T03:44:24.229-0300[0m] {[34mmeltano_dag_generator.py:[0m147} INFO[0m - Considering task 'tap-csv-details target-csv-details organiza_csv:run_details' of schedule 'load-details-csv': {'name': 'load-details-csv', 'interval': '0 0 * * *', 'cron_interval': '0 0 * * *', 'env': {}, 'job': {'name': 'details-to-csv', 'tasks': ['tap-csv-details target-csv-details organiza_csv:run_details']}}[0m
[[34m2024-06-16T03:44:24.232-0300[0m] {[34mmeltano_dag_generator.py:[0m169} INFO[0m - Spun off task '<Task(BashOperator): meltano_load-details-csv_details-to-csv_task0>' of schedule 'load-details-csv': {'name': 'load-details-csv', 'interval': '0 0 * * *', 'cron_interval': '0 0 * * *', 'env': {}, 'job': {'name': 'details-to-csv', 'tasks': ['tap-csv-details target-csv-details organiza_csv:run_details']}}[0m
[[34m2024-06-16T03:44:24.232-0300[0m] {[34mmeltano_dag_generator.py:[0m172} INFO[0m - DAG created for schedule 'load-details-csv', task='tap-csv-details target-csv-details organiza_csv:run_details'[0m
[[34m2024-06-16T03:44:24.233-0300[0m] {[34mmeltano_dag_generator.py:[0m147} INFO[0m - Considering task 'tap-postgres handle-real-dt target-csv-tables organiza_csv:run_tables' of schedule 'load-postgres-csv': {'name': 'load-postgres-csv', 'interval': '0 0 * * *', 'cron_interval': '0 0 * * *', 'env': {}, 'job': {'name': 'postgres-to-csv', 'tasks': ['tap-postgres handle-real-dt target-csv-tables organiza_csv:run_tables']}}[0m
[[34m2024-06-16T03:44:24.233-0300[0m] {[34mmeltano_dag_generator.py:[0m169} INFO[0m - Spun off task '<Task(BashOperator): meltano_load-postgres-csv_postgres-to-csv_task0>' of schedule 'load-postgres-csv': {'name': 'load-postgres-csv', 'interval': '0 0 * * *', 'cron_interval': '0 0 * * *', 'env': {}, 'job': {'name': 'postgres-to-csv', 'tasks': ['tap-postgres handle-real-dt target-csv-tables organiza_csv:run_tables']}}[0m
[[34m2024-06-16T03:44:24.233-0300[0m] {[34mmeltano_dag_generator.py:[0m172} INFO[0m - DAG created for schedule 'load-postgres-csv', task='tap-postgres handle-real-dt target-csv-tables organiza_csv:run_tables'[0m
[[34m2024-06-16T03:44:24.235-0300[0m] {[34mmeltano_dag_generator.py:[0m147} INFO[0m - Considering task 'tap-csv-all target-postgres' of schedule 'load-disk-postgres': {'name': 'load-disk-postgres', 'interval': '5 0 * * *', 'cron_interval': '5 0 * * *', 'env': {}, 'job': {'name': 'disk-to-postgres', 'tasks': ['tap-csv-all target-postgres']}}[0m
[[34m2024-06-16T03:44:24.235-0300[0m] {[34mmeltano_dag_generator.py:[0m169} INFO[0m - Spun off task '<Task(BashOperator): meltano_load-disk-postgres_disk-to-postgres_task0>' of schedule 'load-disk-postgres': {'name': 'load-disk-postgres', 'interval': '5 0 * * *', 'cron_interval': '5 0 * * *', 'env': {}, 'job': {'name': 'disk-to-postgres', 'tasks': ['tap-csv-all target-postgres']}}[0m
[[34m2024-06-16T03:44:24.235-0300[0m] {[34mmeltano_dag_generator.py:[0m172} INFO[0m - DAG created for schedule 'load-disk-postgres', task='tap-csv-all target-postgres'[0m
Changing /home/pedro/projetos/indicium/other-tests/challenge/teste-final2/.meltano/utilities/airflow/logs/dag_id=meltano_load-details-csv_details-to-csv/run_id=scheduled__2024-06-15T00:00:00+00:00/task_id=meltano_load-details-csv_details-to-csv_task0 permission to 509
[[34m2024-06-16T03:44:24.433-0300[0m] {[34mtask_command.py:[0m423} INFO[0m - Running <TaskInstance: meltano_load-details-csv_details-to-csv.meltano_load-details-csv_details-to-csv_task0 scheduled__2024-06-15T00:00:00+00:00 [queued]> on host thinking.[0m
[[34m2024-06-16T03:44:32.345-0300[0m] {[34msequential_executor.py:[0m73} INFO[0m - Executing command: ['airflow', 'tasks', 'run', 'meltano_load-disk-postgres_disk-to-postgres', 'meltano_load-disk-postgres_disk-to-postgres_task0', 'scheduled__2024-06-15T00:05:00+00:00', '--local', '--subdir', 'DAGS_FOLDER/meltano_dag_generator.py'][0m
[[34m2024-06-16T03:44:36.922-0300[0m] {[34mdagbag.py:[0m538} INFO[0m - Filling up the DagBag from /home/pedro/projetos/indicium/other-tests/challenge/teste-final2/orchestrate/airflow/dags/meltano_dag_generator.py[0m
[[34m2024-06-16T03:44:41.533-0300[0m] {[34mmeltano_dag_generator.py:[0m187} INFO[0m - Received meltano v2 style schedule export: {'schedules': {'job': [{'name': 'load-details-csv', 'interval': '0 0 * * *', 'cron_interval': '0 0 * * *', 'env': {}, 'job': {'name': 'details-to-csv', 'tasks': ['tap-csv-details target-csv-details organiza_csv:run_details']}}, {'name': 'load-postgres-csv', 'interval': '0 0 * * *', 'cron_interval': '0 0 * * *', 'env': {}, 'job': {'name': 'postgres-to-csv', 'tasks': ['tap-postgres handle-real-dt target-csv-tables organiza_csv:run_tables']}}, {'name': 'load-disk-postgres', 'interval': '5 0 * * *', 'cron_interval': '5 0 * * *', 'env': {}, 'job': {'name': 'disk-to-postgres', 'tasks': ['tap-csv-all target-postgres']}}], 'elt': []}}[0m
[[34m2024-06-16T03:44:41.547-0300[0m] {[34mmeltano_dag_generator.py:[0m147} INFO[0m - Considering task 'tap-csv-details target-csv-details organiza_csv:run_details' of schedule 'load-details-csv': {'name': 'load-details-csv', 'interval': '0 0 * * *', 'cron_interval': '0 0 * * *', 'env': {}, 'job': {'name': 'details-to-csv', 'tasks': ['tap-csv-details target-csv-details organiza_csv:run_details']}}[0m
[[34m2024-06-16T03:44:41.552-0300[0m] {[34mmeltano_dag_generator.py:[0m169} INFO[0m - Spun off task '<Task(BashOperator): meltano_load-details-csv_details-to-csv_task0>' of schedule 'load-details-csv': {'name': 'load-details-csv', 'interval': '0 0 * * *', 'cron_interval': '0 0 * * *', 'env': {}, 'job': {'name': 'details-to-csv', 'tasks': ['tap-csv-details target-csv-details organiza_csv:run_details']}}[0m
[[34m2024-06-16T03:44:41.553-0300[0m] {[34mmeltano_dag_generator.py:[0m172} INFO[0m - DAG created for schedule 'load-details-csv', task='tap-csv-details target-csv-details organiza_csv:run_details'[0m
[[34m2024-06-16T03:44:41.555-0300[0m] {[34mmeltano_dag_generator.py:[0m147} INFO[0m - Considering task 'tap-postgres handle-real-dt target-csv-tables organiza_csv:run_tables' of schedule 'load-postgres-csv': {'name': 'load-postgres-csv', 'interval': '0 0 * * *', 'cron_interval': '0 0 * * *', 'env': {}, 'job': {'name': 'postgres-to-csv', 'tasks': ['tap-postgres handle-real-dt target-csv-tables organiza_csv:run_tables']}}[0m
[[34m2024-06-16T03:44:41.557-0300[0m] {[34mmeltano_dag_generator.py:[0m169} INFO[0m - Spun off task '<Task(BashOperator): meltano_load-postgres-csv_postgres-to-csv_task0>' of schedule 'load-postgres-csv': {'name': 'load-postgres-csv', 'interval': '0 0 * * *', 'cron_interval': '0 0 * * *', 'env': {}, 'job': {'name': 'postgres-to-csv', 'tasks': ['tap-postgres handle-real-dt target-csv-tables organiza_csv:run_tables']}}[0m
[[34m2024-06-16T03:44:41.557-0300[0m] {[34mmeltano_dag_generator.py:[0m172} INFO[0m - DAG created for schedule 'load-postgres-csv', task='tap-postgres handle-real-dt target-csv-tables organiza_csv:run_tables'[0m
[[34m2024-06-16T03:44:41.559-0300[0m] {[34mmeltano_dag_generator.py:[0m147} INFO[0m - Considering task 'tap-csv-all target-postgres' of schedule 'load-disk-postgres': {'name': 'load-disk-postgres', 'interval': '5 0 * * *', 'cron_interval': '5 0 * * *', 'env': {}, 'job': {'name': 'disk-to-postgres', 'tasks': ['tap-csv-all target-postgres']}}[0m
[[34m2024-06-16T03:44:41.563-0300[0m] {[34mmeltano_dag_generator.py:[0m169} INFO[0m - Spun off task '<Task(BashOperator): meltano_load-disk-postgres_disk-to-postgres_task0>' of schedule 'load-disk-postgres': {'name': 'load-disk-postgres', 'interval': '5 0 * * *', 'cron_interval': '5 0 * * *', 'env': {}, 'job': {'name': 'disk-to-postgres', 'tasks': ['tap-csv-all target-postgres']}}[0m
[[34m2024-06-16T03:44:41.563-0300[0m] {[34mmeltano_dag_generator.py:[0m172} INFO[0m - DAG created for schedule 'load-disk-postgres', task='tap-csv-all target-postgres'[0m
Changing /home/pedro/projetos/indicium/other-tests/challenge/teste-final2/.meltano/utilities/airflow/logs/dag_id=meltano_load-disk-postgres_disk-to-postgres/run_id=scheduled__2024-06-15T00:05:00+00:00/task_id=meltano_load-disk-postgres_disk-to-postgres_task0 permission to 509
[[34m2024-06-16T03:44:42.078-0300[0m] {[34mtask_command.py:[0m423} INFO[0m - Running <TaskInstance: meltano_load-disk-postgres_disk-to-postgres.meltano_load-disk-postgres_disk-to-postgres_task0 scheduled__2024-06-15T00:05:00+00:00 [queued]> on host thinking.[0m
[[34m2024-06-16T03:44:57.842-0300[0m] {[34mscheduler_job_runner.py:[0m696} INFO[0m - Received executor event with state success for task instance TaskInstanceKey(dag_id='meltano_load-postgres-csv_postgres-to-csv', task_id='meltano_load-postgres-csv_postgres-to-csv_task0', run_id='scheduled__2024-06-15T00:00:00+00:00', try_number=1, map_index=-1)[0m
[[34m2024-06-16T03:44:57.843-0300[0m] {[34mscheduler_job_runner.py:[0m696} INFO[0m - Received executor event with state success for task instance TaskInstanceKey(dag_id='meltano_load-details-csv_details-to-csv', task_id='meltano_load-details-csv_details-to-csv_task0', run_id='scheduled__2024-06-15T00:00:00+00:00', try_number=1, map_index=-1)[0m
[[34m2024-06-16T03:44:57.843-0300[0m] {[34mscheduler_job_runner.py:[0m696} INFO[0m - Received executor event with state success for task instance TaskInstanceKey(dag_id='meltano_load-disk-postgres_disk-to-postgres', task_id='meltano_load-disk-postgres_disk-to-postgres_task0', run_id='scheduled__2024-06-15T00:05:00+00:00', try_number=1, map_index=-1)[0m
[[34m2024-06-16T03:44:57.871-0300[0m] {[34mscheduler_job_runner.py:[0m733} INFO[0m - TaskInstance Finished: dag_id=meltano_load-disk-postgres_disk-to-postgres, task_id=meltano_load-disk-postgres_disk-to-postgres_task0, run_id=scheduled__2024-06-15T00:05:00+00:00, map_index=-1, run_start_date=2024-06-16 06:44:42.218284+00:00, run_end_date=2024-06-16 06:44:57.143988+00:00, run_duration=14.925704, state=success, executor_state=success, try_number=1, max_tries=1, job_id=4, pool=default_pool, queue=default, priority_weight=1, operator=BashOperator, queued_dttm=2024-06-16 06:44:07.679798+00:00, queued_by_job_id=1, pid=577456[0m
[[34m2024-06-16T03:44:57.873-0300[0m] {[34mscheduler_job_runner.py:[0m733} INFO[0m - TaskInstance Finished: dag_id=meltano_load-details-csv_details-to-csv, task_id=meltano_load-details-csv_details-to-csv_task0, run_id=scheduled__2024-06-15T00:00:00+00:00, map_index=-1, run_start_date=2024-06-16 06:44:24.501637+00:00, run_end_date=2024-06-16 06:44:31.647383+00:00, run_duration=7.145746, state=success, executor_state=success, try_number=1, max_tries=1, job_id=3, pool=default_pool, queue=default, priority_weight=1, operator=BashOperator, queued_dttm=2024-06-16 06:44:07.679798+00:00, queued_by_job_id=1, pid=577343[0m
[[34m2024-06-16T03:44:57.874-0300[0m] {[34mscheduler_job_runner.py:[0m733} INFO[0m - TaskInstance Finished: dag_id=meltano_load-postgres-csv_postgres-to-csv, task_id=meltano_load-postgres-csv_postgres-to-csv_task0, run_id=scheduled__2024-06-15T00:00:00+00:00, map_index=-1, run_start_date=2024-06-16 06:44:11.974067+00:00, run_end_date=2024-06-16 06:44:20.346835+00:00, run_duration=8.372768, state=success, executor_state=success, try_number=1, max_tries=1, job_id=2, pool=default_pool, queue=default, priority_weight=1, operator=BashOperator, queued_dttm=2024-06-16 06:44:07.679798+00:00, queued_by_job_id=1, pid=577328[0m
[[34m2024-06-16T03:44:57.885-0300[0m] {[34mmanager.py:[0m284} ERROR[0m - DagFileProcessorManager (PID=577188) last sent a heartbeat 50.54 seconds ago! Restarting it[0m
[[34m2024-06-16T03:44:57.889-0300[0m] {[34mprocess_utils.py:[0m131} INFO[0m - Sending Signals.SIGTERM to group 577188. PIDs of all processes in the group: [577188][0m
[[34m2024-06-16T03:44:57.890-0300[0m] {[34mprocess_utils.py:[0m86} INFO[0m - Sending the signal Signals.SIGTERM to group 577188[0m
[[34m2024-06-16T03:44:58.508-0300[0m] {[34mprocess_utils.py:[0m79} INFO[0m - Process psutil.Process(pid=577188, status='terminated', exitcode=0, started='03:44:02') (577188) terminated with exit code 0[0m
[[34m2024-06-16T03:44:58.513-0300[0m] {[34mmanager.py:[0m169} INFO[0m - Launched DagFileProcessorManager with pid: 577479[0m
[[34m2024-06-16T03:44:58.524-0300[0m] {[34msettings.py:[0m60} INFO[0m - Configured default timezone UTC[0m
[2024-06-16T03:44:58.569-0300] {manager.py:392} WARNING - Because we cannot use more than 1 thread (parsing_processes = 2) when using sqlite. So we set parallelism to 1.
[[34m2024-06-16T03:45:02.711-0300[0m] {[34mdagrun.py:[0m732} INFO[0m - Marking run <DagRun meltano_load-details-csv_details-to-csv @ 2024-06-15 00:00:00+00:00: scheduled__2024-06-15T00:00:00+00:00, state:running, queued_at: 2024-06-16 06:44:07.511310+00:00. externally triggered: False> successful[0m
[[34m2024-06-16T03:45:02.713-0300[0m] {[34mdagrun.py:[0m783} INFO[0m - DagRun Finished: dag_id=meltano_load-details-csv_details-to-csv, execution_date=2024-06-15 00:00:00+00:00, run_id=scheduled__2024-06-15T00:00:00+00:00, run_start_date=2024-06-16 06:44:07.533205+00:00, run_end_date=2024-06-16 06:45:02.713475+00:00, run_duration=55.18027, state=success, external_trigger=False, run_type=scheduled, data_interval_start=2024-06-15 00:00:00+00:00, data_interval_end=2024-06-16 00:00:00+00:00, dag_hash=070925bbdeb23d46c9c2db7c38a0459d[0m
[[34m2024-06-16T03:45:02.725-0300[0m] {[34mdag.py:[0m3823} INFO[0m - Setting next_dagrun for meltano_load-details-csv_details-to-csv to 2024-06-16 00:00:00+00:00, run_after=2024-06-17 00:00:00+00:00[0m
[[34m2024-06-16T03:45:02.734-0300[0m] {[34mdagrun.py:[0m732} INFO[0m - Marking run <DagRun meltano_load-postgres-csv_postgres-to-csv @ 2024-06-15 00:00:00+00:00: scheduled__2024-06-15T00:00:00+00:00, state:running, queued_at: 2024-06-16 06:44:07.393886+00:00. externally triggered: False> successful[0m
[[34m2024-06-16T03:45:02.734-0300[0m] {[34mdagrun.py:[0m783} INFO[0m - DagRun Finished: dag_id=meltano_load-postgres-csv_postgres-to-csv, execution_date=2024-06-15 00:00:00+00:00, run_id=scheduled__2024-06-15T00:00:00+00:00, run_start_date=2024-06-16 06:44:07.534070+00:00, run_end_date=2024-06-16 06:45:02.734601+00:00, run_duration=55.200531, state=success, external_trigger=False, run_type=scheduled, data_interval_start=2024-06-15 00:00:00+00:00, data_interval_end=2024-06-16 00:00:00+00:00, dag_hash=11a8ab522b55e60ca5c6aae98c518c7f[0m
[[34m2024-06-16T03:45:02.748-0300[0m] {[34mdag.py:[0m3823} INFO[0m - Setting next_dagrun for meltano_load-postgres-csv_postgres-to-csv to 2024-06-16 00:00:00+00:00, run_after=2024-06-17 00:00:00+00:00[0m
[[34m2024-06-16T03:45:02.755-0300[0m] {[34mdagrun.py:[0m732} INFO[0m - Marking run <DagRun meltano_load-disk-postgres_disk-to-postgres @ 2024-06-15 00:05:00+00:00: scheduled__2024-06-15T00:05:00+00:00, state:running, queued_at: 2024-06-16 06:44:07.517019+00:00. externally triggered: False> successful[0m
[[34m2024-06-16T03:45:02.756-0300[0m] {[34mdagrun.py:[0m783} INFO[0m - DagRun Finished: dag_id=meltano_load-disk-postgres_disk-to-postgres, execution_date=2024-06-15 00:05:00+00:00, run_id=scheduled__2024-06-15T00:05:00+00:00, run_start_date=2024-06-16 06:44:07.534339+00:00, run_end_date=2024-06-16 06:45:02.756304+00:00, run_duration=55.221965, state=success, external_trigger=False, run_type=scheduled, data_interval_start=2024-06-15 00:05:00+00:00, data_interval_end=2024-06-16 00:05:00+00:00, dag_hash=f0a3a6d786150617b0c3a7dcfcca287c[0m
[[34m2024-06-16T03:45:02.767-0300[0m] {[34mdag.py:[0m3823} INFO[0m - Setting next_dagrun for meltano_load-disk-postgres_disk-to-postgres to 2024-06-16 00:05:00+00:00, run_after=2024-06-17 00:05:00+00:00[0m
[[34m2024-06-16T03:49:03.216-0300[0m] {[34mscheduler_job_runner.py:[0m1619} INFO[0m - Adopting or resetting orphaned tasks for active dag runs[0m
[[34m2024-06-16T03:54:03.255-0300[0m] {[34mscheduler_job_runner.py:[0m1619} INFO[0m - Adopting or resetting orphaned tasks for active dag runs[0m
[[34m2024-06-16T03:59:03.342-0300[0m] {[34mscheduler_job_runner.py:[0m1619} INFO[0m - Adopting or resetting orphaned tasks for active dag runs[0m
[2024-06-16T04:02:09.257-0300] {manager.py:523} INFO - DAG meltano_load-disk-postgres_disk-to-postgres is missing and will be deactivated.
[2024-06-16T04:02:09.259-0300] {manager.py:523} INFO - DAG meltano_load-details-csv_details-to-csv is missing and will be deactivated.
[2024-06-16T04:02:09.259-0300] {manager.py:523} INFO - DAG meltano_load-postgres-csv_postgres-to-csv is missing and will be deactivated.
[2024-06-16T04:02:09.281-0300] {manager.py:535} INFO - Deactivated 3 DAGs which are no longer present in file.
[2024-06-16T04:02:09.345-0300] {manager.py:539} INFO - Deleted DAG meltano_load-disk-postgres_disk-to-postgres in serialized_dag table
[2024-06-16T04:02:09.431-0300] {manager.py:539} INFO - Deleted DAG meltano_load-details-csv_details-to-csv in serialized_dag table
[2024-06-16T04:02:09.495-0300] {manager.py:539} INFO - Deleted DAG meltano_load-postgres-csv_postgres-to-csv in serialized_dag table
[[34m2024-06-16T04:04:03.621-0300[0m] {[34mscheduler_job_runner.py:[0m1619} INFO[0m - Adopting or resetting orphaned tasks for active dag runs[0m
[[34m2024-06-16T04:09:03.669-0300[0m] {[34mscheduler_job_runner.py:[0m1619} INFO[0m - Adopting or resetting orphaned tasks for active dag runs[0m
[[34m2024-06-16T04:14:03.709-0300[0m] {[34mscheduler_job_runner.py:[0m1619} INFO[0m - Adopting or resetting orphaned tasks for active dag runs[0m
[[34m2024-06-16T04:19:03.818-0300[0m] {[34mscheduler_job_runner.py:[0m1619} INFO[0m - Adopting or resetting orphaned tasks for active dag runs[0m
[[34m2024-06-16T04:24:03.863-0300[0m] {[34mscheduler_job_runner.py:[0m1619} INFO[0m - Adopting or resetting orphaned tasks for active dag runs[0m
[[34m2024-06-16T04:29:03.894-0300[0m] {[34mscheduler_job_runner.py:[0m1619} INFO[0m - Adopting or resetting orphaned tasks for active dag runs[0m
[[34m2024-06-16T12:43:07.224-0300[0m] {[34mscheduler_job_runner.py:[0m1619} INFO[0m - Adopting or resetting orphaned tasks for active dag runs[0m
[[34m2024-06-16T12:48:07.270-0300[0m] {[34mscheduler_job_runner.py:[0m1619} INFO[0m - Adopting or resetting orphaned tasks for active dag runs[0m
[[34m2024-06-16T12:53:07.315-0300[0m] {[34mscheduler_job_runner.py:[0m1619} INFO[0m - Adopting or resetting orphaned tasks for active dag runs[0m
[[34m2024-06-16T12:58:07.341-0300[0m] {[34mscheduler_job_runner.py:[0m1619} INFO[0m - Adopting or resetting orphaned tasks for active dag runs[0m
[[34m2024-06-16T13:03:07.368-0300[0m] {[34mscheduler_job_runner.py:[0m1619} INFO[0m - Adopting or resetting orphaned tasks for active dag runs[0m
[[34m2024-06-16T13:08:07.401-0300[0m] {[34mscheduler_job_runner.py:[0m1619} INFO[0m - Adopting or resetting orphaned tasks for active dag runs[0m
[[34m2024-06-16T13:13:07.418-0300[0m] {[34mscheduler_job_runner.py:[0m1619} INFO[0m - Adopting or resetting orphaned tasks for active dag runs[0m
[[34m2024-06-16T13:18:07.435-0300[0m] {[34mscheduler_job_runner.py:[0m1619} INFO[0m - Adopting or resetting orphaned tasks for active dag runs[0m
[[34m2024-06-16T13:23:07.457-0300[0m] {[34mscheduler_job_runner.py:[0m1619} INFO[0m - Adopting or resetting orphaned tasks for active dag runs[0m
[[34m2024-06-16T13:28:07.484-0300[0m] {[34mscheduler_job_runner.py:[0m1619} INFO[0m - Adopting or resetting orphaned tasks for active dag runs[0m
[[34m2024-06-16T13:33:07.514-0300[0m] {[34mscheduler_job_runner.py:[0m1619} INFO[0m - Adopting or resetting orphaned tasks for active dag runs[0m
[[34m2024-06-16T13:38:07.545-0300[0m] {[34mscheduler_job_runner.py:[0m1619} INFO[0m - Adopting or resetting orphaned tasks for active dag runs[0m
[[34m2024-06-16T13:43:08.232-0300[0m] {[34mscheduler_job_runner.py:[0m1619} INFO[0m - Adopting or resetting orphaned tasks for active dag runs[0m
[[34m2024-06-16T13:48:08.253-0300[0m] {[34mscheduler_job_runner.py:[0m1619} INFO[0m - Adopting or resetting orphaned tasks for active dag runs[0m
[[34m2024-06-16T13:53:08.274-0300[0m] {[34mscheduler_job_runner.py:[0m1619} INFO[0m - Adopting or resetting orphaned tasks for active dag runs[0m
[[34m2024-06-16T13:58:08.294-0300[0m] {[34mscheduler_job_runner.py:[0m1619} INFO[0m - Adopting or resetting orphaned tasks for active dag runs[0m
[[34m2024-06-16T14:03:08.332-0300[0m] {[34mscheduler_job_runner.py:[0m1619} INFO[0m - Adopting or resetting orphaned tasks for active dag runs[0m
[[34m2024-06-16T14:08:08.367-0300[0m] {[34mscheduler_job_runner.py:[0m1619} INFO[0m - Adopting or resetting orphaned tasks for active dag runs[0m
[[34m2024-06-16T14:13:08.377-0300[0m] {[34mscheduler_job_runner.py:[0m1619} INFO[0m - Adopting or resetting orphaned tasks for active dag runs[0m
[[34m2024-06-16T14:18:08.416-0300[0m] {[34mscheduler_job_runner.py:[0m1619} INFO[0m - Adopting or resetting orphaned tasks for active dag runs[0m
[[34m2024-06-16T14:23:08.458-0300[0m] {[34mscheduler_job_runner.py:[0m1619} INFO[0m - Adopting or resetting orphaned tasks for active dag runs[0m
[[34m2024-06-16T14:28:08.514-0300[0m] {[34mscheduler_job_runner.py:[0m1619} INFO[0m - Adopting or resetting orphaned tasks for active dag runs[0m
[[34m2024-06-16T14:33:08.541-0300[0m] {[34mscheduler_job_runner.py:[0m1619} INFO[0m - Adopting or resetting orphaned tasks for active dag runs[0m
[[34m2024-06-16T14:38:08.574-0300[0m] {[34mscheduler_job_runner.py:[0m1619} INFO[0m - Adopting or resetting orphaned tasks for active dag runs[0m
[[34m2024-06-16T14:43:08.585-0300[0m] {[34mscheduler_job_runner.py:[0m1619} INFO[0m - Adopting or resetting orphaned tasks for active dag runs[0m
[[34m2024-06-16T14:48:11.604-0300[0m] {[34mscheduler_job_runner.py:[0m1619} INFO[0m - Adopting or resetting orphaned tasks for active dag runs[0m
[[34m2024-06-16T14:53:11.620-0300[0m] {[34mscheduler_job_runner.py:[0m1619} INFO[0m - Adopting or resetting orphaned tasks for active dag runs[0m
[[34m2024-06-16T14:58:11.646-0300[0m] {[34mscheduler_job_runner.py:[0m1619} INFO[0m - Adopting or resetting orphaned tasks for active dag runs[0m
[[34m2024-06-16T15:03:11.677-0300[0m] {[34mscheduler_job_runner.py:[0m1619} INFO[0m - Adopting or resetting orphaned tasks for active dag runs[0m
[[34m2024-06-16T15:08:11.697-0300[0m] {[34mscheduler_job_runner.py:[0m1619} INFO[0m - Adopting or resetting orphaned tasks for active dag runs[0m
[[34m2024-06-16T15:13:11.714-0300[0m] {[34mscheduler_job_runner.py:[0m1619} INFO[0m - Adopting or resetting orphaned tasks for active dag runs[0m
[[34m2024-06-16T15:18:11.798-0300[0m] {[34mscheduler_job_runner.py:[0m1619} INFO[0m - Adopting or resetting orphaned tasks for active dag runs[0m
[[34m2024-06-16T15:23:11.819-0300[0m] {[34mscheduler_job_runner.py:[0m1619} INFO[0m - Adopting or resetting orphaned tasks for active dag runs[0m
[[34m2024-06-16T15:28:11.843-0300[0m] {[34mscheduler_job_runner.py:[0m1619} INFO[0m - Adopting or resetting orphaned tasks for active dag runs[0m
[[34m2024-06-16T15:33:11.875-0300[0m] {[34mscheduler_job_runner.py:[0m1619} INFO[0m - Adopting or resetting orphaned tasks for active dag runs[0m
[[34m2024-06-16T15:38:11.907-0300[0m] {[34mscheduler_job_runner.py:[0m1619} INFO[0m - Adopting or resetting orphaned tasks for active dag runs[0m
[[34m2024-06-16T15:43:11.945-0300[0m] {[34mscheduler_job_runner.py:[0m1619} INFO[0m - Adopting or resetting orphaned tasks for active dag runs[0m
[[34m2024-06-16T15:48:11.979-0300[0m] {[34mscheduler_job_runner.py:[0m1619} INFO[0m - Adopting or resetting orphaned tasks for active dag runs[0m
[[34m2024-06-16T15:53:12.016-0300[0m] {[34mscheduler_job_runner.py:[0m1619} INFO[0m - Adopting or resetting orphaned tasks for active dag runs[0m
[[34m2024-06-16T15:58:12.047-0300[0m] {[34mscheduler_job_runner.py:[0m1619} INFO[0m - Adopting or resetting orphaned tasks for active dag runs[0m
[[34m2024-06-16T16:03:12.056-0300[0m] {[34mscheduler_job_runner.py:[0m1619} INFO[0m - Adopting or resetting orphaned tasks for active dag runs[0m
[[34m2024-06-16T16:08:12.083-0300[0m] {[34mscheduler_job_runner.py:[0m1619} INFO[0m - Adopting or resetting orphaned tasks for active dag runs[0m
[[34m2024-06-16T16:13:12.096-0300[0m] {[34mscheduler_job_runner.py:[0m1619} INFO[0m - Adopting or resetting orphaned tasks for active dag runs[0m
[[34m2024-06-16T16:18:12.114-0300[0m] {[34mscheduler_job_runner.py:[0m1619} INFO[0m - Adopting or resetting orphaned tasks for active dag runs[0m
[[34m2024-06-16T16:23:12.141-0300[0m] {[34mscheduler_job_runner.py:[0m1619} INFO[0m - Adopting or resetting orphaned tasks for active dag runs[0m
[[34m2024-06-16T16:28:12.211-0300[0m] {[34mscheduler_job_runner.py:[0m1619} INFO[0m - Adopting or resetting orphaned tasks for active dag runs[0m
[[34m2024-06-16T16:33:12.246-0300[0m] {[34mscheduler_job_runner.py:[0m1619} INFO[0m - Adopting or resetting orphaned tasks for active dag runs[0m
[[34m2024-06-16T16:38:12.261-0300[0m] {[34mscheduler_job_runner.py:[0m1619} INFO[0m - Adopting or resetting orphaned tasks for active dag runs[0m
