[2024-06-16 03:44:03 -0300] [577187] [INFO] Starting gunicorn 21.2.0
[2024-06-16 03:44:03 -0300] [577187] [ERROR] Connection in use: ('::', 8793)
[2024-06-16 03:44:03 -0300] [577187] [ERROR] Retrying in 1 second.
[2024-06-16 03:44:04 -0300] [577187] [ERROR] Connection in use: ('::', 8793)
[2024-06-16 03:44:04 -0300] [577187] [ERROR] Retrying in 1 second.
[2m2024-06-16T06:44:05.024904Z[0m [[32m[1minfo     [0m] [1mEnvironment 'dev' is active   [0m
[2024-06-16 03:44:05 -0300] [577187] [ERROR] Connection in use: ('::', 8793)
[2024-06-16 03:44:05 -0300] [577187] [ERROR] Retrying in 1 second.
[2024-06-16 03:44:06 -0300] [577187] [ERROR] Connection in use: ('::', 8793)
[2024-06-16 03:44:06 -0300] [577187] [ERROR] Retrying in 1 second.
[2024-06-16 03:44:07 -0300] [577187] [ERROR] Connection in use: ('::', 8793)
[2024-06-16 03:44:07 -0300] [577187] [ERROR] Retrying in 1 second.
[2024-06-16 03:44:08 -0300] [577187] [ERROR] Can't connect to ('::', 8793)
[2m2024-06-16T06:44:10.631521Z[0m [[32m[1minfo     [0m] [1mEnvironment 'dev' is active   [0m
[2m2024-06-16T06:44:23.155069Z[0m [[32m[1minfo     [0m] [1mEnvironment 'dev' is active   [0m
[2m2024-06-16T06:44:39.899204Z[0m [[32m[1minfo     [0m] [1mEnvironment 'dev' is active   [0m
[2m2024-06-16T06:45:01.047167Z[0m [[32m[1minfo     [0m] [1mEnvironment 'dev' is active   [0m
[2m2024-06-16T06:45:35.715320Z[0m [[32m[1minfo     [0m] [1mEnvironment 'dev' is active   [0m
[2m2024-06-16T06:46:10.000699Z[0m [[32m[1minfo     [0m] [1mEnvironment 'dev' is active   [0m
[2m2024-06-16T06:46:43.021872Z[0m [[32m[1minfo     [0m] [1mEnvironment 'dev' is active   [0m
[2m2024-06-16T06:47:15.890386Z[0m [[32m[1minfo     [0m] [1mEnvironment 'dev' is active   [0m
[2m2024-06-16T06:47:48.695861Z[0m [[32m[1minfo     [0m] [1mEnvironment 'dev' is active   [0m
[2m2024-06-16T06:48:21.434568Z[0m [[32m[1minfo     [0m] [1mEnvironment 'dev' is active   [0m
[2m2024-06-16T06:48:54.315196Z[0m [[32m[1minfo     [0m] [1mEnvironment 'dev' is active   [0m
[2m2024-06-16T06:49:27.300762Z[0m [[32m[1minfo     [0m] [1mEnvironment 'dev' is active   [0m
[2m2024-06-16T06:50:00.027130Z[0m [[32m[1minfo     [0m] [1mEnvironment 'dev' is active   [0m
[2m2024-06-16T06:50:32.746237Z[0m [[32m[1minfo     [0m] [1mEnvironment 'dev' is active   [0m
[2m2024-06-16T06:51:05.984591Z[0m [[32m[1minfo     [0m] [1mEnvironment 'dev' is active   [0m
[2m2024-06-16T06:51:38.878149Z[0m [[32m[1minfo     [0m] [1mEnvironment 'dev' is active   [0m
[2m2024-06-16T06:52:12.953158Z[0m [[32m[1minfo     [0m] [1mEnvironment 'dev' is active   [0m
[2m2024-06-16T06:52:45.636938Z[0m [[32m[1minfo     [0m] [1mEnvironment 'dev' is active   [0m
[2m2024-06-16T06:53:18.473424Z[0m [[32m[1minfo     [0m] [1mEnvironment 'dev' is active   [0m
[2m2024-06-16T06:53:51.638236Z[0m [[32m[1minfo     [0m] [1mEnvironment 'dev' is active   [0m
[2m2024-06-16T06:54:24.405065Z[0m [[32m[1minfo     [0m] [1mEnvironment 'dev' is active   [0m
[2m2024-06-16T06:54:57.719927Z[0m [[32m[1minfo     [0m] [1mEnvironment 'dev' is active   [0m
[2m2024-06-16T06:55:30.804766Z[0m [[32m[1minfo     [0m] [1mEnvironment 'dev' is active   [0m
[2m2024-06-16T06:56:03.854684Z[0m [[32m[1minfo     [0m] [1mEnvironment 'dev' is active   [0m
[2m2024-06-16T06:56:36.744538Z[0m [[32m[1minfo     [0m] [1mEnvironment 'dev' is active   [0m
[2m2024-06-16T06:57:09.525079Z[0m [[32m[1minfo     [0m] [1mEnvironment 'dev' is active   [0m
[2m2024-06-16T06:57:42.534866Z[0m [[32m[1minfo     [0m] [1mEnvironment 'dev' is active   [0m
[2m2024-06-16T06:58:16.590201Z[0m [[32m[1minfo     [0m] [1mEnvironment 'dev' is active   [0m
[2m2024-06-16T06:58:49.817959Z[0m [[32m[1minfo     [0m] [1mEnvironment 'dev' is active   [0m
[2m2024-06-16T06:59:23.005311Z[0m [[32m[1minfo     [0m] [1mEnvironment 'dev' is active   [0m
[2m2024-06-16T06:59:55.826787Z[0m [[32m[1minfo     [0m] [1mEnvironment 'dev' is active   [0m
[2m2024-06-16T07:00:29.054364Z[0m [[32m[1minfo     [0m] [1mEnvironment 'dev' is active   [0m
[2m2024-06-16T07:23:43.805388Z[0m [[32m[1minfo     [0m] [1mEnvironment 'dev' is active   [0m
[2m2024-06-16T07:24:17.807433Z[0m [[32m[1minfo     [0m] [1mEnvironment 'dev' is active   [0m
[2m2024-06-16T07:24:50.453775Z[0m [[32m[1minfo     [0m] [1mEnvironment 'dev' is active   [0m
[2m2024-06-16T07:25:22.717428Z[0m [[32m[1minfo     [0m] [1mEnvironment 'dev' is active   [0m
[2m2024-06-16T07:25:55.277890Z[0m [[32m[1minfo     [0m] [1mEnvironment 'dev' is active   [0m
[2m2024-06-16T07:26:27.926410Z[0m [[32m[1minfo     [0m] [1mEnvironment 'dev' is active   [0m
[2m2024-06-16T07:27:00.499728Z[0m [[32m[1minfo     [0m] [1mEnvironment 'dev' is active   [0m
[2m2024-06-16T07:27:32.863333Z[0m [[32m[1minfo     [0m] [1mEnvironment 'dev' is active   [0m
[2m2024-06-16T07:28:05.443156Z[0m [[32m[1minfo     [0m] [1mEnvironment 'dev' is active   [0m
[2m2024-06-16T07:28:37.925209Z[0m [[32m[1minfo     [0m] [1mEnvironment 'dev' is active   [0m
[2m2024-06-16T07:29:10.210018Z[0m [[32m[1minfo     [0m] [1mEnvironment 'dev' is active   [0m
[2m2024-06-16T07:29:42.576770Z[0m [[32m[1minfo     [0m] [1mEnvironment 'dev' is active   [0m
[2m2024-06-16T07:30:14.928844Z[0m [[32m[1minfo     [0m] [1mEnvironment 'dev' is active   [0m
[2m2024-06-16T07:30:48.249218Z[0m [[32m[1minfo     [0m] [1mEnvironment 'dev' is active   [0m
[2m2024-06-16T07:31:20.636757Z[0m [[32m[1minfo     [0m] [1mEnvironment 'dev' is active   [0m
[2m2024-06-16T07:31:53.800104Z[0m [[32m[1minfo     [0m] [1mEnvironment 'dev' is active   [0m
[2m2024-06-16T15:41:39.563657Z[0m [[32m[1minfo     [0m] [1mEnvironment 'dev' is active   [0m
[2m2024-06-16T15:42:12.532614Z[0m [[32m[1minfo     [0m] [1mEnvironment 'dev' is active   [0m
[2m2024-06-16T15:42:46.144488Z[0m [[32m[1minfo     [0m] [1mEnvironment 'dev' is active   [0m
[2m2024-06-16T15:43:18.885786Z[0m [[32m[1minfo     [0m] [1mEnvironment 'dev' is active   [0m
[2m2024-06-16T15:43:51.138873Z[0m [[32m[1minfo     [0m] [1mEnvironment 'dev' is active   [0m
[2m2024-06-16T15:44:23.369090Z[0m [[32m[1minfo     [0m] [1mEnvironment 'dev' is active   [0m
[2m2024-06-16T15:44:55.719120Z[0m [[32m[1minfo     [0m] [1mEnvironment 'dev' is active   [0m
[2m2024-06-16T15:45:28.006253Z[0m [[32m[1minfo     [0m] [1mEnvironment 'dev' is active   [0m
[2m2024-06-16T15:46:00.449845Z[0m [[32m[1minfo     [0m] [1mEnvironment 'dev' is active   [0m
[2m2024-06-16T15:46:32.700519Z[0m [[32m[1minfo     [0m] [1mEnvironment 'dev' is active   [0m
[2m2024-06-16T15:47:05.098119Z[0m [[32m[1minfo     [0m] [1mEnvironment 'dev' is active   [0m
[2m2024-06-16T15:47:37.400599Z[0m [[32m[1minfo     [0m] [1mEnvironment 'dev' is active   [0m
[2m2024-06-16T15:48:09.721081Z[0m [[32m[1minfo     [0m] [1mEnvironment 'dev' is active   [0m
[2m2024-06-16T15:48:42.049066Z[0m [[32m[1minfo     [0m] [1mEnvironment 'dev' is active   [0m
[2m2024-06-16T15:49:14.316477Z[0m [[32m[1minfo     [0m] [1mEnvironment 'dev' is active   [0m
[2m2024-06-16T15:49:46.655188Z[0m [[32m[1minfo     [0m] [1mEnvironment 'dev' is active   [0m
[2m2024-06-16T15:50:19.251390Z[0m [[32m[1minfo     [0m] [1mEnvironment 'dev' is active   [0m
[2m2024-06-16T15:50:51.700685Z[0m [[32m[1minfo     [0m] [1mEnvironment 'dev' is active   [0m
[2m2024-06-16T15:51:24.126444Z[0m [[32m[1minfo     [0m] [1mEnvironment 'dev' is active   [0m
[2m2024-06-16T15:51:56.491624Z[0m [[32m[1minfo     [0m] [1mEnvironment 'dev' is active   [0m
[2m2024-06-16T15:52:28.726902Z[0m [[32m[1minfo     [0m] [1mEnvironment 'dev' is active   [0m
[2m2024-06-16T15:53:01.820880Z[0m [[32m[1minfo     [0m] [1mEnvironment 'dev' is active   [0m
[2m2024-06-16T15:53:34.459865Z[0m [[32m[1minfo     [0m] [1mEnvironment 'dev' is active   [0m
[2m2024-06-16T15:54:06.685104Z[0m [[32m[1minfo     [0m] [1mEnvironment 'dev' is active   [0m
[2m2024-06-16T15:54:39.052749Z[0m [[32m[1minfo     [0m] [1mEnvironment 'dev' is active   [0m
[2m2024-06-16T15:55:11.506130Z[0m [[32m[1minfo     [0m] [1mEnvironment 'dev' is active   [0m
[2m2024-06-16T15:55:43.940838Z[0m [[32m[1minfo     [0m] [1mEnvironment 'dev' is active   [0m
[2m2024-06-16T15:56:17.124510Z[0m [[32m[1minfo     [0m] [1mEnvironment 'dev' is active   [0m
[2m2024-06-16T15:56:52.889880Z[0m [[32m[1minfo     [0m] [1mEnvironment 'dev' is active   [0m
[2m2024-06-16T15:57:27.750759Z[0m [[32m[1minfo     [0m] [1mEnvironment 'dev' is active   [0m
[2m2024-06-16T15:58:01.346804Z[0m [[32m[1minfo     [0m] [1mEnvironment 'dev' is active   [0m
[2m2024-06-16T15:58:34.527694Z[0m [[32m[1minfo     [0m] [1mEnvironment 'dev' is active   [0m
[2m2024-06-16T15:59:06.944570Z[0m [[32m[1minfo     [0m] [1mEnvironment 'dev' is active   [0m
[2m2024-06-16T15:59:39.458479Z[0m [[32m[1minfo     [0m] [1mEnvironment 'dev' is active   [0m
[2m2024-06-16T16:00:12.002642Z[0m [[32m[1minfo     [0m] [1mEnvironment 'dev' is active   [0m
[2m2024-06-16T16:00:45.112107Z[0m [[32m[1minfo     [0m] [1mEnvironment 'dev' is active   [0m
[2m2024-06-16T16:01:18.069299Z[0m [[32m[1minfo     [0m] [1mEnvironment 'dev' is active   [0m
[2m2024-06-16T16:01:50.889009Z[0m [[32m[1minfo     [0m] [1mEnvironment 'dev' is active   [0m
[2m2024-06-16T16:02:23.474612Z[0m [[32m[1minfo     [0m] [1mEnvironment 'dev' is active   [0m
[2m2024-06-16T16:02:57.581234Z[0m [[32m[1minfo     [0m] [1mEnvironment 'dev' is active   [0m
[2m2024-06-16T16:03:30.695369Z[0m [[32m[1minfo     [0m] [1mEnvironment 'dev' is active   [0m
[2m2024-06-16T16:04:03.322961Z[0m [[32m[1minfo     [0m] [1mEnvironment 'dev' is active   [0m
[2m2024-06-16T16:04:35.887773Z[0m [[32m[1minfo     [0m] [1mEnvironment 'dev' is active   [0m
[2m2024-06-16T16:05:08.657291Z[0m [[32m[1minfo     [0m] [1mEnvironment 'dev' is active   [0m
[2m2024-06-16T16:05:41.461928Z[0m [[32m[1minfo     [0m] [1mEnvironment 'dev' is active   [0m
[2m2024-06-16T16:06:14.105767Z[0m [[32m[1minfo     [0m] [1mEnvironment 'dev' is active   [0m
[2m2024-06-16T16:06:46.484148Z[0m [[32m[1minfo     [0m] [1mEnvironment 'dev' is active   [0m
[2m2024-06-16T16:07:18.898804Z[0m [[32m[1minfo     [0m] [1mEnvironment 'dev' is active   [0m
[2m2024-06-16T16:07:51.291828Z[0m [[32m[1minfo     [0m] [1mEnvironment 'dev' is active   [0m
[2m2024-06-16T16:08:23.558453Z[0m [[32m[1minfo     [0m] [1mEnvironment 'dev' is active   [0m
[2m2024-06-16T16:08:55.774625Z[0m [[32m[1minfo     [0m] [1mEnvironment 'dev' is active   [0m
[2m2024-06-16T16:09:28.137488Z[0m [[32m[1minfo     [0m] [1mEnvironment 'dev' is active   [0m
[2m2024-06-16T16:10:00.890911Z[0m [[32m[1minfo     [0m] [1mEnvironment 'dev' is active   [0m
[2m2024-06-16T16:10:33.777706Z[0m [[32m[1minfo     [0m] [1mEnvironment 'dev' is active   [0m
[2m2024-06-16T16:11:06.828879Z[0m [[32m[1minfo     [0m] [1mEnvironment 'dev' is active   [0m
[2m2024-06-16T16:11:39.349071Z[0m [[32m[1minfo     [0m] [1mEnvironment 'dev' is active   [0m
[2m2024-06-16T16:12:11.674861Z[0m [[32m[1minfo     [0m] [1mEnvironment 'dev' is active   [0m
[2m2024-06-16T16:12:44.274954Z[0m [[32m[1minfo     [0m] [1mEnvironment 'dev' is active   [0m
[2m2024-06-16T16:13:16.843156Z[0m [[32m[1minfo     [0m] [1mEnvironment 'dev' is active   [0m
[2m2024-06-16T16:13:49.276793Z[0m [[32m[1minfo     [0m] [1mEnvironment 'dev' is active   [0m
[2m2024-06-16T16:14:21.763262Z[0m [[32m[1minfo     [0m] [1mEnvironment 'dev' is active   [0m
[2m2024-06-16T16:14:54.151849Z[0m [[32m[1minfo     [0m] [1mEnvironment 'dev' is active   [0m
[2m2024-06-16T16:15:26.640306Z[0m [[32m[1minfo     [0m] [1mEnvironment 'dev' is active   [0m
[2m2024-06-16T16:15:59.090623Z[0m [[32m[1minfo     [0m] [1mEnvironment 'dev' is active   [0m
[2m2024-06-16T16:16:31.763425Z[0m [[32m[1minfo     [0m] [1mEnvironment 'dev' is active   [0m
[2m2024-06-16T16:17:04.409088Z[0m [[32m[1minfo     [0m] [1mEnvironment 'dev' is active   [0m
[2m2024-06-16T16:17:37.033859Z[0m [[32m[1minfo     [0m] [1mEnvironment 'dev' is active   [0m
[2m2024-06-16T16:18:09.586634Z[0m [[32m[1minfo     [0m] [1mEnvironment 'dev' is active   [0m
[2m2024-06-16T16:18:42.579952Z[0m [[32m[1minfo     [0m] [1mEnvironment 'dev' is active   [0m
[2m2024-06-16T16:19:15.050539Z[0m [[32m[1minfo     [0m] [1mEnvironment 'dev' is active   [0m
[2m2024-06-16T16:19:48.018824Z[0m [[32m[1minfo     [0m] [1mEnvironment 'dev' is active   [0m
[2m2024-06-16T16:20:20.495411Z[0m [[32m[1minfo     [0m] [1mEnvironment 'dev' is active   [0m
[2m2024-06-16T16:20:52.861035Z[0m [[32m[1minfo     [0m] [1mEnvironment 'dev' is active   [0m
[2m2024-06-16T16:21:25.274776Z[0m [[32m[1minfo     [0m] [1mEnvironment 'dev' is active   [0m
[2m2024-06-16T16:21:57.862701Z[0m [[32m[1minfo     [0m] [1mEnvironment 'dev' is active   [0m
[2m2024-06-16T16:22:30.263413Z[0m [[32m[1minfo     [0m] [1mEnvironment 'dev' is active   [0m
[2m2024-06-16T16:23:02.502963Z[0m [[32m[1minfo     [0m] [1mEnvironment 'dev' is active   [0m
[2m2024-06-16T16:23:34.784085Z[0m [[32m[1minfo     [0m] [1mEnvironment 'dev' is active   [0m
[2m2024-06-16T16:24:07.045825Z[0m [[32m[1minfo     [0m] [1mEnvironment 'dev' is active   [0m
[2m2024-06-16T16:24:39.352578Z[0m [[32m[1minfo     [0m] [1mEnvironment 'dev' is active   [0m
[2m2024-06-16T16:25:11.674125Z[0m [[32m[1minfo     [0m] [1mEnvironment 'dev' is active   [0m
[2m2024-06-16T16:25:44.012969Z[0m [[32m[1minfo     [0m] [1mEnvironment 'dev' is active   [0m
[2m2024-06-16T16:26:16.273532Z[0m [[32m[1minfo     [0m] [1mEnvironment 'dev' is active   [0m
[2m2024-06-16T16:26:48.756413Z[0m [[32m[1minfo     [0m] [1mEnvironment 'dev' is active   [0m
[2m2024-06-16T16:27:21.306663Z[0m [[32m[1minfo     [0m] [1mEnvironment 'dev' is active   [0m
[2m2024-06-16T16:27:53.640074Z[0m [[32m[1minfo     [0m] [1mEnvironment 'dev' is active   [0m
[2m2024-06-16T16:28:25.851564Z[0m [[32m[1minfo     [0m] [1mEnvironment 'dev' is active   [0m
[2m2024-06-16T16:28:58.220896Z[0m [[32m[1minfo     [0m] [1mEnvironment 'dev' is active   [0m
[2m2024-06-16T16:29:30.643655Z[0m [[32m[1minfo     [0m] [1mEnvironment 'dev' is active   [0m
[2m2024-06-16T16:30:03.353765Z[0m [[32m[1minfo     [0m] [1mEnvironment 'dev' is active   [0m
[2m2024-06-16T16:30:36.145396Z[0m [[32m[1minfo     [0m] [1mEnvironment 'dev' is active   [0m
[2m2024-06-16T16:31:08.989444Z[0m [[32m[1minfo     [0m] [1mEnvironment 'dev' is active   [0m
[2m2024-06-16T16:31:41.310160Z[0m [[32m[1minfo     [0m] [1mEnvironment 'dev' is active   [0m
[2m2024-06-16T16:32:13.724223Z[0m [[32m[1minfo     [0m] [1mEnvironment 'dev' is active   [0m
[2m2024-06-16T16:32:46.058230Z[0m [[32m[1minfo     [0m] [1mEnvironment 'dev' is active   [0m
[2m2024-06-16T16:33:18.677255Z[0m [[32m[1minfo     [0m] [1mEnvironment 'dev' is active   [0m
[2m2024-06-16T16:33:51.177118Z[0m [[32m[1minfo     [0m] [1mEnvironment 'dev' is active   [0m
[2m2024-06-16T16:34:24.103214Z[0m [[32m[1minfo     [0m] [1mEnvironment 'dev' is active   [0m
[2m2024-06-16T16:34:56.772327Z[0m [[32m[1minfo     [0m] [1mEnvironment 'dev' is active   [0m
[2m2024-06-16T16:35:28.989935Z[0m [[32m[1minfo     [0m] [1mEnvironment 'dev' is active   [0m
[2m2024-06-16T16:36:01.885409Z[0m [[32m[1minfo     [0m] [1mEnvironment 'dev' is active   [0m
[2m2024-06-16T16:36:35.806030Z[0m [[32m[1minfo     [0m] [1mEnvironment 'dev' is active   [0m
[2m2024-06-16T16:37:08.420745Z[0m [[32m[1minfo     [0m] [1mEnvironment 'dev' is active   [0m
[2m2024-06-16T16:37:40.855589Z[0m [[32m[1minfo     [0m] [1mEnvironment 'dev' is active   [0m
[2m2024-06-16T16:38:13.363844Z[0m [[32m[1minfo     [0m] [1mEnvironment 'dev' is active   [0m
[2m2024-06-16T16:38:46.498273Z[0m [[32m[1minfo     [0m] [1mEnvironment 'dev' is active   [0m
[2m2024-06-16T16:39:18.917701Z[0m [[32m[1minfo     [0m] [1mEnvironment 'dev' is active   [0m
[2m2024-06-16T16:39:51.442024Z[0m [[32m[1minfo     [0m] [1mEnvironment 'dev' is active   [0m
[2m2024-06-16T16:40:23.927261Z[0m [[32m[1minfo     [0m] [1mEnvironment 'dev' is active   [0m
[2m2024-06-16T16:40:56.792459Z[0m [[32m[1minfo     [0m] [1mEnvironment 'dev' is active   [0m
[2m2024-06-16T16:41:29.333817Z[0m [[32m[1minfo     [0m] [1mEnvironment 'dev' is active   [0m
[2m2024-06-16T16:42:01.887941Z[0m [[32m[1minfo     [0m] [1mEnvironment 'dev' is active   [0m
[2m2024-06-16T16:42:34.576349Z[0m [[32m[1minfo     [0m] [1mEnvironment 'dev' is active   [0m
[2m2024-06-16T16:43:06.900715Z[0m [[32m[1minfo     [0m] [1mEnvironment 'dev' is active   [0m
[2m2024-06-16T16:43:39.461368Z[0m [[32m[1minfo     [0m] [1mEnvironment 'dev' is active   [0m
[2m2024-06-16T16:44:11.964738Z[0m [[32m[1minfo     [0m] [1mEnvironment 'dev' is active   [0m
[2m2024-06-16T16:44:44.242452Z[0m [[32m[1minfo     [0m] [1mEnvironment 'dev' is active   [0m
[2m2024-06-16T16:45:16.723917Z[0m [[32m[1minfo     [0m] [1mEnvironment 'dev' is active   [0m
[2m2024-06-16T16:45:49.081175Z[0m [[32m[1minfo     [0m] [1mEnvironment 'dev' is active   [0m
[2m2024-06-16T16:46:21.735721Z[0m [[32m[1minfo     [0m] [1mEnvironment 'dev' is active   [0m
[2m2024-06-16T16:46:54.411521Z[0m [[32m[1minfo     [0m] [1mEnvironment 'dev' is active   [0m
[2m2024-06-16T16:47:26.776186Z[0m [[32m[1minfo     [0m] [1mEnvironment 'dev' is active   [0m
[2m2024-06-16T16:47:59.021078Z[0m [[32m[1minfo     [0m] [1mEnvironment 'dev' is active   [0m
[2m2024-06-16T16:48:31.388881Z[0m [[32m[1minfo     [0m] [1mEnvironment 'dev' is active   [0m
[2m2024-06-16T16:49:03.699950Z[0m [[32m[1minfo     [0m] [1mEnvironment 'dev' is active   [0m
[2m2024-06-16T16:49:36.302938Z[0m [[32m[1minfo     [0m] [1mEnvironment 'dev' is active   [0m
[2m2024-06-16T16:50:09.354076Z[0m [[32m[1minfo     [0m] [1mEnvironment 'dev' is active   [0m
[2m2024-06-16T16:50:41.759905Z[0m [[32m[1minfo     [0m] [1mEnvironment 'dev' is active   [0m
[2m2024-06-16T16:51:14.029279Z[0m [[32m[1minfo     [0m] [1mEnvironment 'dev' is active   [0m
[2m2024-06-16T16:51:46.262188Z[0m [[32m[1minfo     [0m] [1mEnvironment 'dev' is active   [0m
[2m2024-06-16T16:52:18.465196Z[0m [[32m[1minfo     [0m] [1mEnvironment 'dev' is active   [0m
[2m2024-06-16T16:52:50.686642Z[0m [[32m[1minfo     [0m] [1mEnvironment 'dev' is active   [0m
[2m2024-06-16T16:53:22.891820Z[0m [[32m[1minfo     [0m] [1mEnvironment 'dev' is active   [0m
[2m2024-06-16T16:53:55.108238Z[0m [[32m[1minfo     [0m] [1mEnvironment 'dev' is active   [0m
[2m2024-06-16T16:54:27.315632Z[0m [[32m[1minfo     [0m] [1mEnvironment 'dev' is active   [0m
[2m2024-06-16T16:54:59.538011Z[0m [[32m[1minfo     [0m] [1mEnvironment 'dev' is active   [0m
[2m2024-06-16T16:55:31.851501Z[0m [[32m[1minfo     [0m] [1mEnvironment 'dev' is active   [0m
[2m2024-06-16T16:56:04.093047Z[0m [[32m[1minfo     [0m] [1mEnvironment 'dev' is active   [0m
[2m2024-06-16T16:56:36.302774Z[0m [[32m[1minfo     [0m] [1mEnvironment 'dev' is active   [0m
[2m2024-06-16T16:57:08.495929Z[0m [[32m[1minfo     [0m] [1mEnvironment 'dev' is active   [0m
[2m2024-06-16T16:57:40.788108Z[0m [[32m[1minfo     [0m] [1mEnvironment 'dev' is active   [0m
[2m2024-06-16T16:58:13.234134Z[0m [[32m[1minfo     [0m] [1mEnvironment 'dev' is active   [0m
[2m2024-06-16T16:58:45.566244Z[0m [[32m[1minfo     [0m] [1mEnvironment 'dev' is active   [0m
[2m2024-06-16T16:59:17.760902Z[0m [[32m[1minfo     [0m] [1mEnvironment 'dev' is active   [0m
[2m2024-06-16T16:59:49.997610Z[0m [[32m[1minfo     [0m] [1mEnvironment 'dev' is active   [0m
[2m2024-06-16T17:00:22.224897Z[0m [[32m[1minfo     [0m] [1mEnvironment 'dev' is active   [0m
[2m2024-06-16T17:00:54.451674Z[0m [[32m[1minfo     [0m] [1mEnvironment 'dev' is active   [0m
[2m2024-06-16T17:01:26.734694Z[0m [[32m[1minfo     [0m] [1mEnvironment 'dev' is active   [0m
[2m2024-06-16T17:01:58.943985Z[0m [[32m[1minfo     [0m] [1mEnvironment 'dev' is active   [0m
[2m2024-06-16T17:02:31.188709Z[0m [[32m[1minfo     [0m] [1mEnvironment 'dev' is active   [0m
[2m2024-06-16T17:03:03.402429Z[0m [[32m[1minfo     [0m] [1mEnvironment 'dev' is active   [0m
[2m2024-06-16T17:03:35.610354Z[0m [[32m[1minfo     [0m] [1mEnvironment 'dev' is active   [0m
[2m2024-06-16T17:04:07.832102Z[0m [[32m[1minfo     [0m] [1mEnvironment 'dev' is active   [0m
[2m2024-06-16T17:04:40.067393Z[0m [[32m[1minfo     [0m] [1mEnvironment 'dev' is active   [0m
[2m2024-06-16T17:05:12.305039Z[0m [[32m[1minfo     [0m] [1mEnvironment 'dev' is active   [0m
[2m2024-06-16T17:05:44.530974Z[0m [[32m[1minfo     [0m] [1mEnvironment 'dev' is active   [0m
[2m2024-06-16T17:06:16.736081Z[0m [[32m[1minfo     [0m] [1mEnvironment 'dev' is active   [0m
[2m2024-06-16T17:06:49.040641Z[0m [[32m[1minfo     [0m] [1mEnvironment 'dev' is active   [0m
[2m2024-06-16T17:07:21.251575Z[0m [[32m[1minfo     [0m] [1mEnvironment 'dev' is active   [0m
[2m2024-06-16T17:07:53.475709Z[0m [[32m[1minfo     [0m] [1mEnvironment 'dev' is active   [0m
[2m2024-06-16T17:08:25.728225Z[0m [[32m[1minfo     [0m] [1mEnvironment 'dev' is active   [0m
[2m2024-06-16T17:08:57.959989Z[0m [[32m[1minfo     [0m] [1mEnvironment 'dev' is active   [0m
[2m2024-06-16T17:09:30.271850Z[0m [[32m[1minfo     [0m] [1mEnvironment 'dev' is active   [0m
[2m2024-06-16T17:10:02.466501Z[0m [[32m[1minfo     [0m] [1mEnvironment 'dev' is active   [0m
[2m2024-06-16T17:10:34.699207Z[0m [[32m[1minfo     [0m] [1mEnvironment 'dev' is active   [0m
[2m2024-06-16T17:11:06.943358Z[0m [[32m[1minfo     [0m] [1mEnvironment 'dev' is active   [0m
[2m2024-06-16T17:11:39.169214Z[0m [[32m[1minfo     [0m] [1mEnvironment 'dev' is active   [0m
[2m2024-06-16T17:12:11.524638Z[0m [[32m[1minfo     [0m] [1mEnvironment 'dev' is active   [0m
[2m2024-06-16T17:12:43.734710Z[0m [[32m[1minfo     [0m] [1mEnvironment 'dev' is active   [0m
[2m2024-06-16T17:13:15.932847Z[0m [[32m[1minfo     [0m] [1mEnvironment 'dev' is active   [0m
[2m2024-06-16T17:13:48.142128Z[0m [[32m[1minfo     [0m] [1mEnvironment 'dev' is active   [0m
[2m2024-06-16T17:14:20.451442Z[0m [[32m[1minfo     [0m] [1mEnvironment 'dev' is active   [0m
[2m2024-06-16T17:14:52.709512Z[0m [[32m[1minfo     [0m] [1mEnvironment 'dev' is active   [0m
[2m2024-06-16T17:15:24.920220Z[0m [[32m[1minfo     [0m] [1mEnvironment 'dev' is active   [0m
[2m2024-06-16T17:15:57.180494Z[0m [[32m[1minfo     [0m] [1mEnvironment 'dev' is active   [0m
[2m2024-06-16T17:16:29.518137Z[0m [[32m[1minfo     [0m] [1mEnvironment 'dev' is active   [0m
[2m2024-06-16T17:17:01.761251Z[0m [[32m[1minfo     [0m] [1mEnvironment 'dev' is active   [0m
[2m2024-06-16T17:17:33.977222Z[0m [[32m[1minfo     [0m] [1mEnvironment 'dev' is active   [0m
[2m2024-06-16T17:18:06.194992Z[0m [[32m[1minfo     [0m] [1mEnvironment 'dev' is active   [0m
[2m2024-06-16T17:18:41.044947Z[0m [[32m[1minfo     [0m] [1mEnvironment 'dev' is active   [0m
[2m2024-06-16T17:19:15.077678Z[0m [[32m[1minfo     [0m] [1mEnvironment 'dev' is active   [0m
[2m2024-06-16T17:19:47.492566Z[0m [[32m[1minfo     [0m] [1mEnvironment 'dev' is active   [0m
[2m2024-06-16T17:20:19.688995Z[0m [[32m[1minfo     [0m] [1mEnvironment 'dev' is active   [0m
[2m2024-06-16T17:20:51.918576Z[0m [[32m[1minfo     [0m] [1mEnvironment 'dev' is active   [0m
[2m2024-06-16T17:21:24.223957Z[0m [[32m[1minfo     [0m] [1mEnvironment 'dev' is active   [0m
[2m2024-06-16T17:21:56.739588Z[0m [[32m[1minfo     [0m] [1mEnvironment 'dev' is active   [0m
[2m2024-06-16T17:22:29.302989Z[0m [[32m[1minfo     [0m] [1mEnvironment 'dev' is active   [0m
[2m2024-06-16T17:23:01.572763Z[0m [[32m[1minfo     [0m] [1mEnvironment 'dev' is active   [0m
[2m2024-06-16T17:23:33.765524Z[0m [[32m[1minfo     [0m] [1mEnvironment 'dev' is active   [0m
[2m2024-06-16T17:24:09.096654Z[0m [[32m[1minfo     [0m] [1mEnvironment 'dev' is active   [0m
[2m2024-06-16T17:24:44.656438Z[0m [[32m[1minfo     [0m] [1mEnvironment 'dev' is active   [0m
[2m2024-06-16T17:25:19.954718Z[0m [[32m[1minfo     [0m] [1mEnvironment 'dev' is active   [0m
[2m2024-06-16T17:25:55.885732Z[0m [[32m[1minfo     [0m] [1mEnvironment 'dev' is active   [0m
[2m2024-06-16T17:26:31.715707Z[0m [[32m[1minfo     [0m] [1mEnvironment 'dev' is active   [0m
[2m2024-06-16T17:27:07.125176Z[0m [[32m[1minfo     [0m] [1mEnvironment 'dev' is active   [0m
[2m2024-06-16T17:27:42.095387Z[0m [[32m[1minfo     [0m] [1mEnvironment 'dev' is active   [0m
[2m2024-06-16T17:28:16.110775Z[0m [[32m[1minfo     [0m] [1mEnvironment 'dev' is active   [0m
[2m2024-06-16T17:28:50.866623Z[0m [[32m[1minfo     [0m] [1mEnvironment 'dev' is active   [0m
[2m2024-06-16T17:29:26.438474Z[0m [[32m[1minfo     [0m] [1mEnvironment 'dev' is active   [0m
[2m2024-06-16T17:30:00.961013Z[0m [[32m[1minfo     [0m] [1mEnvironment 'dev' is active   [0m
[2m2024-06-16T17:30:35.498168Z[0m [[32m[1minfo     [0m] [1mEnvironment 'dev' is active   [0m
[2m2024-06-16T17:31:09.697541Z[0m [[32m[1minfo     [0m] [1mEnvironment 'dev' is active   [0m
[2m2024-06-16T17:31:43.448829Z[0m [[32m[1minfo     [0m] [1mEnvironment 'dev' is active   [0m
[2m2024-06-16T17:32:17.481056Z[0m [[32m[1minfo     [0m] [1mEnvironment 'dev' is active   [0m
[2m2024-06-16T17:32:51.544221Z[0m [[32m[1minfo     [0m] [1mEnvironment 'dev' is active   [0m
[2m2024-06-16T17:33:25.622639Z[0m [[32m[1minfo     [0m] [1mEnvironment 'dev' is active   [0m
[2m2024-06-16T17:33:59.635215Z[0m [[32m[1minfo     [0m] [1mEnvironment 'dev' is active   [0m
[2m2024-06-16T17:34:33.266553Z[0m [[32m[1minfo     [0m] [1mEnvironment 'dev' is active   [0m
[2m2024-06-16T17:35:07.637860Z[0m [[32m[1minfo     [0m] [1mEnvironment 'dev' is active   [0m
[2m2024-06-16T17:35:41.509628Z[0m [[32m[1minfo     [0m] [1mEnvironment 'dev' is active   [0m
[2m2024-06-16T17:36:15.538516Z[0m [[32m[1minfo     [0m] [1mEnvironment 'dev' is active   [0m
[2m2024-06-16T17:36:50.183706Z[0m [[32m[1minfo     [0m] [1mEnvironment 'dev' is active   [0m
[2m2024-06-16T17:37:25.005189Z[0m [[32m[1minfo     [0m] [1mEnvironment 'dev' is active   [0m
[2m2024-06-16T17:37:59.940780Z[0m [[32m[1minfo     [0m] [1mEnvironment 'dev' is active   [0m
[2m2024-06-16T17:38:33.786104Z[0m [[32m[1minfo     [0m] [1mEnvironment 'dev' is active   [0m
[2m2024-06-16T17:39:07.717655Z[0m [[32m[1minfo     [0m] [1mEnvironment 'dev' is active   [0m
[2m2024-06-16T17:39:41.640125Z[0m [[32m[1minfo     [0m] [1mEnvironment 'dev' is active   [0m
[2m2024-06-16T17:40:15.743251Z[0m [[32m[1minfo     [0m] [1mEnvironment 'dev' is active   [0m
[2m2024-06-16T17:40:49.691942Z[0m [[32m[1minfo     [0m] [1mEnvironment 'dev' is active   [0m
[2m2024-06-16T17:41:23.341753Z[0m [[32m[1minfo     [0m] [1mEnvironment 'dev' is active   [0m
[2m2024-06-16T17:41:57.265225Z[0m [[32m[1minfo     [0m] [1mEnvironment 'dev' is active   [0m
[2m2024-06-16T17:42:31.541105Z[0m [[32m[1minfo     [0m] [1mEnvironment 'dev' is active   [0m
[2m2024-06-16T17:43:05.388730Z[0m [[32m[1minfo     [0m] [1mEnvironment 'dev' is active   [0m
[2m2024-06-16T17:43:39.364671Z[0m [[32m[1minfo     [0m] [1mEnvironment 'dev' is active   [0m
[2m2024-06-16T17:44:13.120895Z[0m [[32m[1minfo     [0m] [1mEnvironment 'dev' is active   [0m
[2m2024-06-16T17:44:47.110499Z[0m [[32m[1minfo     [0m] [1mEnvironment 'dev' is active   [0m
[2m2024-06-16T17:45:21.061396Z[0m [[32m[1minfo     [0m] [1mEnvironment 'dev' is active   [0m
[2m2024-06-16T17:45:54.804057Z[0m [[32m[1minfo     [0m] [1mEnvironment 'dev' is active   [0m
[2m2024-06-16T17:46:28.604402Z[0m [[32m[1minfo     [0m] [1mEnvironment 'dev' is active   [0m
[2m2024-06-16T17:47:02.485220Z[0m [[32m[1minfo     [0m] [1mEnvironment 'dev' is active   [0m
[2m2024-06-16T17:47:36.264316Z[0m [[32m[1minfo     [0m] [1mEnvironment 'dev' is active   [0m
[2m2024-06-16T17:48:09.959178Z[0m [[32m[1minfo     [0m] [1mEnvironment 'dev' is active   [0m
[2m2024-06-16T17:48:43.619833Z[0m [[32m[1minfo     [0m] [1mEnvironment 'dev' is active   [0m
[2m2024-06-16T17:49:17.639455Z[0m [[32m[1minfo     [0m] [1mEnvironment 'dev' is active   [0m
[2m2024-06-16T17:49:51.642698Z[0m [[32m[1minfo     [0m] [1mEnvironment 'dev' is active   [0m
[2m2024-06-16T17:50:25.779220Z[0m [[32m[1minfo     [0m] [1mEnvironment 'dev' is active   [0m
[2m2024-06-16T17:50:59.892724Z[0m [[32m[1minfo     [0m] [1mEnvironment 'dev' is active   [0m
[2m2024-06-16T17:51:33.746232Z[0m [[32m[1minfo     [0m] [1mEnvironment 'dev' is active   [0m
[2m2024-06-16T17:52:07.454700Z[0m [[32m[1minfo     [0m] [1mEnvironment 'dev' is active   [0m
[2m2024-06-16T17:52:40.994515Z[0m [[32m[1minfo     [0m] [1mEnvironment 'dev' is active   [0m
[2m2024-06-16T17:53:14.393052Z[0m [[32m[1minfo     [0m] [1mEnvironment 'dev' is active   [0m
[2m2024-06-16T17:53:47.911542Z[0m [[32m[1minfo     [0m] [1mEnvironment 'dev' is active   [0m
[2m2024-06-16T17:54:21.711720Z[0m [[32m[1minfo     [0m] [1mEnvironment 'dev' is active   [0m
[2m2024-06-16T17:54:55.503677Z[0m [[32m[1minfo     [0m] [1mEnvironment 'dev' is active   [0m
[2m2024-06-16T17:55:29.125607Z[0m [[32m[1minfo     [0m] [1mEnvironment 'dev' is active   [0m
[2m2024-06-16T17:56:05.067839Z[0m [[32m[1minfo     [0m] [1mEnvironment 'dev' is active   [0m
[2m2024-06-16T17:56:37.604576Z[0m [[32m[1minfo     [0m] [1mEnvironment 'dev' is active   [0m
[2m2024-06-16T17:57:09.992851Z[0m [[32m[1minfo     [0m] [1mEnvironment 'dev' is active   [0m
[2m2024-06-16T17:57:42.412925Z[0m [[32m[1minfo     [0m] [1mEnvironment 'dev' is active   [0m
[2m2024-06-16T17:58:14.770109Z[0m [[32m[1minfo     [0m] [1mEnvironment 'dev' is active   [0m
[2m2024-06-16T17:58:47.749005Z[0m [[32m[1minfo     [0m] [1mEnvironment 'dev' is active   [0m
[2m2024-06-16T17:59:20.274179Z[0m [[32m[1minfo     [0m] [1mEnvironment 'dev' is active   [0m
[2m2024-06-16T17:59:52.686655Z[0m [[32m[1minfo     [0m] [1mEnvironment 'dev' is active   [0m
[2m2024-06-16T18:00:25.087062Z[0m [[32m[1minfo     [0m] [1mEnvironment 'dev' is active   [0m
[2m2024-06-16T18:00:57.500981Z[0m [[32m[1minfo     [0m] [1mEnvironment 'dev' is active   [0m
[2m2024-06-16T18:01:29.950875Z[0m [[32m[1minfo     [0m] [1mEnvironment 'dev' is active   [0m
[2m2024-06-16T18:02:03.216117Z[0m [[32m[1minfo     [0m] [1mEnvironment 'dev' is active   [0m
[2m2024-06-16T18:02:35.809118Z[0m [[32m[1minfo     [0m] [1mEnvironment 'dev' is active   [0m
[2m2024-06-16T18:03:08.200597Z[0m [[32m[1minfo     [0m] [1mEnvironment 'dev' is active   [0m
[2m2024-06-16T18:03:42.119827Z[0m [[32m[1minfo     [0m] [1mEnvironment 'dev' is active   [0m
[2m2024-06-16T18:04:14.767578Z[0m [[32m[1minfo     [0m] [1mEnvironment 'dev' is active   [0m
[2m2024-06-16T18:04:47.264814Z[0m [[32m[1minfo     [0m] [1mEnvironment 'dev' is active   [0m
[2m2024-06-16T18:05:19.787065Z[0m [[32m[1minfo     [0m] [1mEnvironment 'dev' is active   [0m
[2m2024-06-16T18:05:52.198821Z[0m [[32m[1minfo     [0m] [1mEnvironment 'dev' is active   [0m
[2m2024-06-16T18:06:24.519437Z[0m [[32m[1minfo     [0m] [1mEnvironment 'dev' is active   [0m
[2m2024-06-16T18:06:57.005139Z[0m [[32m[1minfo     [0m] [1mEnvironment 'dev' is active   [0m
[2m2024-06-16T18:07:29.593989Z[0m [[32m[1minfo     [0m] [1mEnvironment 'dev' is active   [0m
[2m2024-06-16T18:08:01.866166Z[0m [[32m[1minfo     [0m] [1mEnvironment 'dev' is active   [0m
[2m2024-06-16T18:08:34.255402Z[0m [[32m[1minfo     [0m] [1mEnvironment 'dev' is active   [0m
[2m2024-06-16T18:09:07.979557Z[0m [[32m[1minfo     [0m] [1mEnvironment 'dev' is active   [0m
[2m2024-06-16T18:09:40.540082Z[0m [[32m[1minfo     [0m] [1mEnvironment 'dev' is active   [0m
[2m2024-06-16T18:10:13.103834Z[0m [[32m[1minfo     [0m] [1mEnvironment 'dev' is active   [0m
[2m2024-06-16T18:10:45.335655Z[0m [[32m[1minfo     [0m] [1mEnvironment 'dev' is active   [0m
[2m2024-06-16T18:11:17.943107Z[0m [[32m[1minfo     [0m] [1mEnvironment 'dev' is active   [0m
[2m2024-06-16T18:11:50.268350Z[0m [[32m[1minfo     [0m] [1mEnvironment 'dev' is active   [0m
[2m2024-06-16T18:12:22.633877Z[0m [[32m[1minfo     [0m] [1mEnvironment 'dev' is active   [0m
[2m2024-06-16T18:12:55.094488Z[0m [[32m[1minfo     [0m] [1mEnvironment 'dev' is active   [0m
[2m2024-06-16T18:13:27.625714Z[0m [[32m[1minfo     [0m] [1mEnvironment 'dev' is active   [0m
[2m2024-06-16T18:14:00.051721Z[0m [[32m[1minfo     [0m] [1mEnvironment 'dev' is active   [0m
[2m2024-06-16T18:14:32.411816Z[0m [[32m[1minfo     [0m] [1mEnvironment 'dev' is active   [0m
[2m2024-06-16T18:15:04.895565Z[0m [[32m[1minfo     [0m] [1mEnvironment 'dev' is active   [0m
[2m2024-06-16T18:15:37.113014Z[0m [[32m[1minfo     [0m] [1mEnvironment 'dev' is active   [0m
[2m2024-06-16T18:16:09.579133Z[0m [[32m[1minfo     [0m] [1mEnvironment 'dev' is active   [0m
[2m2024-06-16T18:16:42.015673Z[0m [[32m[1minfo     [0m] [1mEnvironment 'dev' is active   [0m
[2m2024-06-16T18:17:14.458536Z[0m [[32m[1minfo     [0m] [1mEnvironment 'dev' is active   [0m
[2m2024-06-16T18:17:47.081689Z[0m [[32m[1minfo     [0m] [1mEnvironment 'dev' is active   [0m
[2m2024-06-16T18:18:19.704075Z[0m [[32m[1minfo     [0m] [1mEnvironment 'dev' is active   [0m
[2m2024-06-16T18:18:53.093518Z[0m [[32m[1minfo     [0m] [1mEnvironment 'dev' is active   [0m
[2m2024-06-16T18:19:25.848707Z[0m [[32m[1minfo     [0m] [1mEnvironment 'dev' is active   [0m
[2m2024-06-16T18:19:58.385433Z[0m [[32m[1minfo     [0m] [1mEnvironment 'dev' is active   [0m
[2m2024-06-16T18:20:30.763901Z[0m [[32m[1minfo     [0m] [1mEnvironment 'dev' is active   [0m
[2m2024-06-16T18:21:03.290091Z[0m [[32m[1minfo     [0m] [1mEnvironment 'dev' is active   [0m
[2m2024-06-16T18:21:37.367846Z[0m [[32m[1minfo     [0m] [1mEnvironment 'dev' is active   [0m
[2m2024-06-16T18:22:12.031247Z[0m [[32m[1minfo     [0m] [1mEnvironment 'dev' is active   [0m
[2m2024-06-16T18:22:46.602948Z[0m [[32m[1minfo     [0m] [1mEnvironment 'dev' is active   [0m
[2m2024-06-16T18:23:19.748983Z[0m [[32m[1minfo     [0m] [1mEnvironment 'dev' is active   [0m
[2m2024-06-16T18:23:53.131332Z[0m [[32m[1minfo     [0m] [1mEnvironment 'dev' is active   [0m
[2m2024-06-16T18:24:26.560089Z[0m [[32m[1minfo     [0m] [1mEnvironment 'dev' is active   [0m
[2m2024-06-16T18:24:59.777639Z[0m [[32m[1minfo     [0m] [1mEnvironment 'dev' is active   [0m
[2m2024-06-16T18:25:32.947087Z[0m [[32m[1minfo     [0m] [1mEnvironment 'dev' is active   [0m
[2m2024-06-16T18:26:06.180040Z[0m [[32m[1minfo     [0m] [1mEnvironment 'dev' is active   [0m
[2m2024-06-16T18:26:39.325726Z[0m [[32m[1minfo     [0m] [1mEnvironment 'dev' is active   [0m
[2m2024-06-16T18:27:12.462214Z[0m [[32m[1minfo     [0m] [1mEnvironment 'dev' is active   [0m
[2m2024-06-16T18:27:45.634159Z[0m [[32m[1minfo     [0m] [1mEnvironment 'dev' is active   [0m
[2m2024-06-16T18:28:18.782256Z[0m [[32m[1minfo     [0m] [1mEnvironment 'dev' is active   [0m
[2m2024-06-16T18:28:52.623027Z[0m [[32m[1minfo     [0m] [1mEnvironment 'dev' is active   [0m
[2m2024-06-16T18:29:26.211125Z[0m [[32m[1minfo     [0m] [1mEnvironment 'dev' is active   [0m
[2m2024-06-16T18:30:01.793868Z[0m [[32m[1minfo     [0m] [1mEnvironment 'dev' is active   [0m
[2m2024-06-16T18:30:35.254728Z[0m [[32m[1minfo     [0m] [1mEnvironment 'dev' is active   [0m
[2m2024-06-16T18:31:08.222782Z[0m [[32m[1minfo     [0m] [1mEnvironment 'dev' is active   [0m
[2m2024-06-16T18:31:40.981882Z[0m [[32m[1minfo     [0m] [1mEnvironment 'dev' is active   [0m
[2m2024-06-16T18:32:14.086098Z[0m [[32m[1minfo     [0m] [1mEnvironment 'dev' is active   [0m
[2m2024-06-16T18:32:47.100408Z[0m [[32m[1minfo     [0m] [1mEnvironment 'dev' is active   [0m
[2m2024-06-16T18:33:20.236690Z[0m [[32m[1minfo     [0m] [1mEnvironment 'dev' is active   [0m
[2m2024-06-16T18:33:54.378203Z[0m [[32m[1minfo     [0m] [1mEnvironment 'dev' is active   [0m
[2m2024-06-16T18:34:27.627121Z[0m [[32m[1minfo     [0m] [1mEnvironment 'dev' is active   [0m
[2m2024-06-16T18:35:00.909700Z[0m [[32m[1minfo     [0m] [1mEnvironment 'dev' is active   [0m
[2m2024-06-16T18:35:33.803869Z[0m [[32m[1minfo     [0m] [1mEnvironment 'dev' is active   [0m
[2m2024-06-16T18:36:06.833952Z[0m [[32m[1minfo     [0m] [1mEnvironment 'dev' is active   [0m
[2m2024-06-16T18:36:39.706258Z[0m [[32m[1minfo     [0m] [1mEnvironment 'dev' is active   [0m
[2m2024-06-16T18:37:12.894163Z[0m [[32m[1minfo     [0m] [1mEnvironment 'dev' is active   [0m
[2m2024-06-16T18:37:48.856768Z[0m [[32m[1minfo     [0m] [1mEnvironment 'dev' is active   [0m
[2m2024-06-16T18:38:23.630433Z[0m [[32m[1minfo     [0m] [1mEnvironment 'dev' is active   [0m
[2m2024-06-16T18:38:57.399914Z[0m [[32m[1minfo     [0m] [1mEnvironment 'dev' is active   [0m
[2m2024-06-16T18:39:30.389274Z[0m [[32m[1minfo     [0m] [1mEnvironment 'dev' is active   [0m
[2m2024-06-16T18:40:03.436850Z[0m [[32m[1minfo     [0m] [1mEnvironment 'dev' is active   [0m
[2m2024-06-16T18:40:36.361188Z[0m [[32m[1minfo     [0m] [1mEnvironment 'dev' is active   [0m
[2m2024-06-16T18:41:09.821459Z[0m [[32m[1minfo     [0m] [1mEnvironment 'dev' is active   [0m
[2m2024-06-16T18:41:43.226281Z[0m [[32m[1minfo     [0m] [1mEnvironment 'dev' is active   [0m
[2m2024-06-16T18:42:16.210628Z[0m [[32m[1minfo     [0m] [1mEnvironment 'dev' is active   [0m
[2m2024-06-16T18:42:49.569062Z[0m [[32m[1minfo     [0m] [1mEnvironment 'dev' is active   [0m
[2m2024-06-16T18:43:23.746189Z[0m [[32m[1minfo     [0m] [1mEnvironment 'dev' is active   [0m
[2m2024-06-16T18:43:57.812330Z[0m [[32m[1minfo     [0m] [1mEnvironment 'dev' is active   [0m
[2m2024-06-16T18:44:31.081880Z[0m [[32m[1minfo     [0m] [1mEnvironment 'dev' is active   [0m
[2m2024-06-16T18:45:04.789466Z[0m [[32m[1minfo     [0m] [1mEnvironment 'dev' is active   [0m
[2m2024-06-16T18:45:38.649392Z[0m [[32m[1minfo     [0m] [1mEnvironment 'dev' is active   [0m
[2m2024-06-16T18:46:11.938010Z[0m [[32m[1minfo     [0m] [1mEnvironment 'dev' is active   [0m
[2m2024-06-16T18:46:45.071111Z[0m [[32m[1minfo     [0m] [1mEnvironment 'dev' is active   [0m
[2m2024-06-16T18:47:18.169931Z[0m [[32m[1minfo     [0m] [1mEnvironment 'dev' is active   [0m
[2m2024-06-16T18:47:51.773354Z[0m [[32m[1minfo     [0m] [1mEnvironment 'dev' is active   [0m
[2m2024-06-16T18:48:24.475091Z[0m [[32m[1minfo     [0m] [1mEnvironment 'dev' is active   [0m
[2m2024-06-16T18:48:57.474188Z[0m [[32m[1minfo     [0m] [1mEnvironment 'dev' is active   [0m
[2m2024-06-16T18:49:30.395271Z[0m [[32m[1minfo     [0m] [1mEnvironment 'dev' is active   [0m
[2m2024-06-16T18:50:03.429302Z[0m [[32m[1minfo     [0m] [1mEnvironment 'dev' is active   [0m
[2m2024-06-16T18:50:36.191477Z[0m [[32m[1minfo     [0m] [1mEnvironment 'dev' is active   [0m
[2m2024-06-16T18:51:08.908543Z[0m [[32m[1minfo     [0m] [1mEnvironment 'dev' is active   [0m
[2m2024-06-16T18:51:41.877742Z[0m [[32m[1minfo     [0m] [1mEnvironment 'dev' is active   [0m
[2m2024-06-16T18:52:14.838921Z[0m [[32m[1minfo     [0m] [1mEnvironment 'dev' is active   [0m
[2m2024-06-16T18:52:47.163628Z[0m [[32m[1minfo     [0m] [1mEnvironment 'dev' is active   [0m
[2m2024-06-16T18:53:19.482402Z[0m [[32m[1minfo     [0m] [1mEnvironment 'dev' is active   [0m
[2m2024-06-16T18:53:51.791909Z[0m [[32m[1minfo     [0m] [1mEnvironment 'dev' is active   [0m
[2m2024-06-16T18:54:24.106320Z[0m [[32m[1minfo     [0m] [1mEnvironment 'dev' is active   [0m
[2m2024-06-16T18:54:56.506713Z[0m [[32m[1minfo     [0m] [1mEnvironment 'dev' is active   [0m
[2m2024-06-16T18:55:28.735698Z[0m [[32m[1minfo     [0m] [1mEnvironment 'dev' is active   [0m
[2m2024-06-16T18:56:00.934802Z[0m [[32m[1minfo     [0m] [1mEnvironment 'dev' is active   [0m
[2m2024-06-16T18:56:33.229025Z[0m [[32m[1minfo     [0m] [1mEnvironment 'dev' is active   [0m
[2m2024-06-16T18:57:05.490898Z[0m [[32m[1minfo     [0m] [1mEnvironment 'dev' is active   [0m
[2m2024-06-16T18:57:37.834322Z[0m [[32m[1minfo     [0m] [1mEnvironment 'dev' is active   [0m
[2m2024-06-16T18:58:10.195602Z[0m [[32m[1minfo     [0m] [1mEnvironment 'dev' is active   [0m
[2m2024-06-16T18:58:42.614630Z[0m [[32m[1minfo     [0m] [1mEnvironment 'dev' is active   [0m
[2m2024-06-16T18:59:14.979621Z[0m [[32m[1minfo     [0m] [1mEnvironment 'dev' is active   [0m
[2m2024-06-16T18:59:47.305526Z[0m [[32m[1minfo     [0m] [1mEnvironment 'dev' is active   [0m
[2m2024-06-16T19:00:19.639041Z[0m [[32m[1minfo     [0m] [1mEnvironment 'dev' is active   [0m
[2m2024-06-16T19:00:52.510705Z[0m [[32m[1minfo     [0m] [1mEnvironment 'dev' is active   [0m
[2m2024-06-16T19:01:25.017611Z[0m [[32m[1minfo     [0m] [1mEnvironment 'dev' is active   [0m
[2m2024-06-16T19:01:57.449333Z[0m [[32m[1minfo     [0m] [1mEnvironment 'dev' is active   [0m
[2m2024-06-16T19:02:29.660996Z[0m [[32m[1minfo     [0m] [1mEnvironment 'dev' is active   [0m
[2m2024-06-16T19:03:01.871124Z[0m [[32m[1minfo     [0m] [1mEnvironment 'dev' is active   [0m
[2m2024-06-16T19:03:34.078301Z[0m [[32m[1minfo     [0m] [1mEnvironment 'dev' is active   [0m
[2m2024-06-16T19:04:06.704661Z[0m [[32m[1minfo     [0m] [1mEnvironment 'dev' is active   [0m
[2m2024-06-16T19:04:38.892473Z[0m [[32m[1minfo     [0m] [1mEnvironment 'dev' is active   [0m
[2m2024-06-16T19:05:11.242707Z[0m [[32m[1minfo     [0m] [1mEnvironment 'dev' is active   [0m
[2m2024-06-16T19:05:43.867620Z[0m [[32m[1minfo     [0m] [1mEnvironment 'dev' is active   [0m
[2m2024-06-16T19:06:16.376849Z[0m [[32m[1minfo     [0m] [1mEnvironment 'dev' is active   [0m
[2m2024-06-16T19:06:48.757438Z[0m [[32m[1minfo     [0m] [1mEnvironment 'dev' is active   [0m
[2m2024-06-16T19:07:21.134748Z[0m [[32m[1minfo     [0m] [1mEnvironment 'dev' is active   [0m
[2m2024-06-16T19:07:53.540769Z[0m [[32m[1minfo     [0m] [1mEnvironment 'dev' is active   [0m
[2m2024-06-16T19:08:25.954744Z[0m [[32m[1minfo     [0m] [1mEnvironment 'dev' is active   [0m
[2m2024-06-16T19:08:58.314568Z[0m [[32m[1minfo     [0m] [1mEnvironment 'dev' is active   [0m
[2m2024-06-16T19:09:33.211326Z[0m [[32m[1minfo     [0m] [1mEnvironment 'dev' is active   [0m
[2m2024-06-16T19:10:06.503065Z[0m [[32m[1minfo     [0m] [1mEnvironment 'dev' is active   [0m
[2m2024-06-16T19:10:39.121594Z[0m [[32m[1minfo     [0m] [1mEnvironment 'dev' is active   [0m
[2m2024-06-16T19:11:11.477010Z[0m [[32m[1minfo     [0m] [1mEnvironment 'dev' is active   [0m
[2m2024-06-16T19:11:44.651890Z[0m [[32m[1minfo     [0m] [1mEnvironment 'dev' is active   [0m
[2m2024-06-16T19:12:17.002551Z[0m [[32m[1minfo     [0m] [1mEnvironment 'dev' is active   [0m
[2m2024-06-16T19:12:49.444753Z[0m [[32m[1minfo     [0m] [1mEnvironment 'dev' is active   [0m
[2m2024-06-16T19:13:21.772158Z[0m [[32m[1minfo     [0m] [1mEnvironment 'dev' is active   [0m
[2m2024-06-16T19:13:54.399451Z[0m [[32m[1minfo     [0m] [1mEnvironment 'dev' is active   [0m
[2m2024-06-16T19:14:26.897683Z[0m [[32m[1minfo     [0m] [1mEnvironment 'dev' is active   [0m
[2m2024-06-16T19:15:00.574146Z[0m [[32m[1minfo     [0m] [1mEnvironment 'dev' is active   [0m
[2m2024-06-16T19:15:34.309321Z[0m [[32m[1minfo     [0m] [1mEnvironment 'dev' is active   [0m
[2m2024-06-16T19:16:08.413575Z[0m [[32m[1minfo     [0m] [1mEnvironment 'dev' is active   [0m
[2m2024-06-16T19:16:42.642825Z[0m [[32m[1minfo     [0m] [1mEnvironment 'dev' is active   [0m
[2m2024-06-16T19:17:17.451398Z[0m [[32m[1minfo     [0m] [1mEnvironment 'dev' is active   [0m
[2m2024-06-16T19:17:50.988063Z[0m [[32m[1minfo     [0m] [1mEnvironment 'dev' is active   [0m
[2m2024-06-16T19:18:23.347227Z[0m [[32m[1minfo     [0m] [1mEnvironment 'dev' is active   [0m
[2m2024-06-16T19:18:55.699124Z[0m [[32m[1minfo     [0m] [1mEnvironment 'dev' is active   [0m
[2m2024-06-16T19:19:28.023317Z[0m [[32m[1minfo     [0m] [1mEnvironment 'dev' is active   [0m
[2m2024-06-16T19:20:00.994966Z[0m [[32m[1minfo     [0m] [1mEnvironment 'dev' is active   [0m
[2m2024-06-16T19:20:33.695268Z[0m [[32m[1minfo     [0m] [1mEnvironment 'dev' is active   [0m
[2m2024-06-16T19:21:06.929989Z[0m [[32m[1minfo     [0m] [1mEnvironment 'dev' is active   [0m
[2m2024-06-16T19:21:41.784193Z[0m [[32m[1minfo     [0m] [1mEnvironment 'dev' is active   [0m
[2m2024-06-16T19:22:15.740385Z[0m [[32m[1minfo     [0m] [1mEnvironment 'dev' is active   [0m
[2m2024-06-16T19:22:48.626211Z[0m [[32m[1minfo     [0m] [1mEnvironment 'dev' is active   [0m
[2m2024-06-16T19:23:21.925539Z[0m [[32m[1minfo     [0m] [1mEnvironment 'dev' is active   [0m
[2m2024-06-16T19:23:55.250414Z[0m [[32m[1minfo     [0m] [1mEnvironment 'dev' is active   [0m
[2m2024-06-16T19:24:29.892391Z[0m [[32m[1minfo     [0m] [1mEnvironment 'dev' is active   [0m
[2m2024-06-16T19:25:03.895608Z[0m [[32m[1minfo     [0m] [1mEnvironment 'dev' is active   [0m
[2m2024-06-16T19:25:37.644423Z[0m [[32m[1minfo     [0m] [1mEnvironment 'dev' is active   [0m
[2m2024-06-16T19:26:11.023863Z[0m [[32m[1minfo     [0m] [1mEnvironment 'dev' is active   [0m
[2m2024-06-16T19:26:44.314605Z[0m [[32m[1minfo     [0m] [1mEnvironment 'dev' is active   [0m
[2m2024-06-16T19:27:19.001752Z[0m [[32m[1minfo     [0m] [1mEnvironment 'dev' is active   [0m
[2m2024-06-16T19:27:52.208533Z[0m [[32m[1minfo     [0m] [1mEnvironment 'dev' is active   [0m
[2m2024-06-16T19:28:25.473982Z[0m [[32m[1minfo     [0m] [1mEnvironment 'dev' is active   [0m
[2m2024-06-16T19:28:58.557844Z[0m [[32m[1minfo     [0m] [1mEnvironment 'dev' is active   [0m
[2m2024-06-16T19:29:33.750243Z[0m [[32m[1minfo     [0m] [1mEnvironment 'dev' is active   [0m
[2m2024-06-16T19:30:07.671215Z[0m [[32m[1minfo     [0m] [1mEnvironment 'dev' is active   [0m
[2m2024-06-16T19:30:43.185097Z[0m [[32m[1minfo     [0m] [1mEnvironment 'dev' is active   [0m
[2m2024-06-16T19:31:16.112100Z[0m [[32m[1minfo     [0m] [1mEnvironment 'dev' is active   [0m
[2m2024-06-16T19:31:49.730665Z[0m [[32m[1minfo     [0m] [1mEnvironment 'dev' is active   [0m
[2m2024-06-16T19:32:22.895103Z[0m [[32m[1minfo     [0m] [1mEnvironment 'dev' is active   [0m
[2m2024-06-16T19:32:55.834645Z[0m [[32m[1minfo     [0m] [1mEnvironment 'dev' is active   [0m
[2m2024-06-16T19:33:30.951550Z[0m [[32m[1minfo     [0m] [1mEnvironment 'dev' is active   [0m
[2m2024-06-16T19:34:05.943428Z[0m [[32m[1minfo     [0m] [1mEnvironment 'dev' is active   [0m
[2m2024-06-16T19:34:39.127871Z[0m [[32m[1minfo     [0m] [1mEnvironment 'dev' is active   [0m
[2m2024-06-16T19:35:12.398711Z[0m [[32m[1minfo     [0m] [1mEnvironment 'dev' is active   [0m
[2m2024-06-16T19:35:47.262978Z[0m [[32m[1minfo     [0m] [1mEnvironment 'dev' is active   [0m
[2m2024-06-16T19:36:19.661408Z[0m [[32m[1minfo     [0m] [1mEnvironment 'dev' is active   [0m
[2m2024-06-16T19:36:53.994251Z[0m [[32m[1minfo     [0m] [1mEnvironment 'dev' is active   [0m
[2m2024-06-16T19:37:26.565530Z[0m [[32m[1minfo     [0m] [1mEnvironment 'dev' is active   [0m
[2m2024-06-16T19:37:59.341296Z[0m [[32m[1minfo     [0m] [1mEnvironment 'dev' is active   [0m
[2m2024-06-16T19:38:32.912835Z[0m [[32m[1minfo     [0m] [1mEnvironment 'dev' is active   [0m
[2m2024-06-16T19:39:06.919120Z[0m [[32m[1minfo     [0m] [1mEnvironment 'dev' is active   [0m
[2m2024-06-16T19:39:41.056071Z[0m [[32m[1minfo     [0m] [1mEnvironment 'dev' is active   [0m
[2m2024-06-16T19:40:15.648984Z[0m [[32m[1minfo     [0m] [1mEnvironment 'dev' is active   [0m
[2m2024-06-16T19:40:50.402929Z[0m [[32m[1minfo     [0m] [1mEnvironment 'dev' is active   [0m
[2m2024-06-16T19:41:24.731681Z[0m [[32m[1minfo     [0m] [1mEnvironment 'dev' is active   [0m
